{"/Users/kapoor/Desktop/Projects/VC/veteran-healthcare-rbac/src/app.controller.ts": {"path":"/Users/kapoor/Desktop/Projects/VC/veteran-healthcare-rbac/src/app.controller.ts","statementMap":{"0":{"start":{"line":1,"column":0},"end":{"line":1,"column":49}},"1":{"start":{"line":2,"column":0},"end":{"line":2,"column":69}},"2":{"start":{"line":3,"column":0},"end":{"line":3,"column":62}},"3":{"start":{"line":7,"column":7},"end":{"line":78,"column":null}},"4":{"start":{"line":41,"column":4},"end":{"line":46,"column":6}},"5":{"start":{"line":73,"column":4},"end":{"line":76,"column":6}},"6":{"start":{"line":7,"column":13},"end":{"line":7,"column":26}},"7":{"start":{"line":40,"column":2},"end":{"line":47,"column":null}},"8":{"start":{"line":72,"column":2},"end":{"line":77,"column":null}},"9":{"start":{"line":7,"column":13},"end":{"line":78,"column":null}}},"fnMap":{"0":{"name":"(anonymous_2)","decl":{"start":{"line":40,"column":2},"end":{"line":40,"column":9}},"loc":{"start":{"line":40,"column":9},"end":{"line":47,"column":3}}},"1":{"name":"(anonymous_3)","decl":{"start":{"line":72,"column":2},"end":{"line":72,"column":11}},"loc":{"start":{"line":72,"column":11},"end":{"line":77,"column":3}}}},"branchMap":{},"s":{"0":1,"1":1,"2":1,"3":1,"4":1,"5":1,"6":1,"7":1,"8":1,"9":1},"f":{"0":1,"1":1},"b":{}}
,"/Users/kapoor/Desktop/Projects/VC/veteran-healthcare-rbac/src/app.module.ts": {"path":"/Users/kapoor/Desktop/Projects/VC/veteran-healthcare-rbac/src/app.module.ts","statementMap":{"0":{"start":{"line":1,"column":0},"end":{"line":1,"column":40}},"1":{"start":{"line":2,"column":0},"end":{"line":2,"column":61}},"2":{"start":{"line":3,"column":0},"end":{"line":3,"column":48}},"3":{"start":{"line":4,"column":0},"end":{"line":4,"column":40}},"4":{"start":{"line":5,"column":0},"end":{"line":5,"column":50}},"5":{"start":{"line":6,"column":0},"end":{"line":6,"column":58}},"6":{"start":{"line":8,"column":0},"end":{"line":8,"column":63}},"7":{"start":{"line":9,"column":0},"end":{"line":9,"column":51}},"8":{"start":{"line":10,"column":0},"end":{"line":10,"column":48}},"9":{"start":{"line":11,"column":0},"end":{"line":11,"column":75}},"10":{"start":{"line":12,"column":0},"end":{"line":12,"column":69}},"11":{"start":{"line":13,"column":0},"end":{"line":13,"column":63}},"12":{"start":{"line":14,"column":0},"end":{"line":14,"column":51}},"13":{"start":{"line":15,"column":0},"end":{"line":15,"column":62}},"14":{"start":{"line":16,"column":0},"end":{"line":16,"column":79}},"15":{"start":{"line":17,"column":0},"end":{"line":17,"column":49}},"16":{"start":{"line":59,"column":7},"end":{"line":59,"column":null}},"17":{"start":{"line":59,"column":13},"end":{"line":59,"column":22}},"18":{"start":{"line":59,"column":13},"end":{"line":59,"column":null}},"19":{"start":{"line":27,"column":52},"end":{"line":27,"column":84}},"20":{"start":{"line":32,"column":53},"end":{"line":37,"column":8}}},"fnMap":{"0":{"name":"(anonymous_1)","decl":{"start":{"line":27,"column":18},"end":{"line":27,"column":19}},"loc":{"start":{"line":27,"column":52},"end":{"line":27,"column":84}}},"1":{"name":"(anonymous_2)","decl":{"start":{"line":32,"column":18},"end":{"line":32,"column":19}},"loc":{"start":{"line":32,"column":53},"end":{"line":37,"column":8}}}},"branchMap":{},"s":{"0":0,"1":0,"2":0,"3":0,"4":0,"5":0,"6":0,"7":0,"8":0,"9":0,"10":0,"11":0,"12":0,"13":0,"14":0,"15":0,"16":0,"17":0,"18":0,"19":0,"20":0},"f":{"0":0,"1":0},"b":{}}
,"/Users/kapoor/Desktop/Projects/VC/veteran-healthcare-rbac/src/app.service.ts": {"path":"/Users/kapoor/Desktop/Projects/VC/veteran-healthcare-rbac/src/app.service.ts","statementMap":{"0":{"start":{"line":1,"column":0},"end":{"line":1,"column":44}},"1":{"start":{"line":4,"column":7},"end":{"line":8,"column":null}},"2":{"start":{"line":6,"column":4},"end":{"line":6,"column":26}},"3":{"start":{"line":4,"column":13},"end":{"line":4,"column":23}},"4":{"start":{"line":4,"column":13},"end":{"line":8,"column":null}}},"fnMap":{"0":{"name":"(anonymous_1)","decl":{"start":{"line":5,"column":2},"end":{"line":5,"column":10}},"loc":{"start":{"line":5,"column":10},"end":{"line":7,"column":3}}}},"branchMap":{},"s":{"0":0,"1":0,"2":0,"3":0,"4":0},"f":{"0":0},"b":{}}
,"/Users/kapoor/Desktop/Projects/VC/veteran-healthcare-rbac/src/main.ts": {"path":"/Users/kapoor/Desktop/Projects/VC/veteran-healthcare-rbac/src/main.ts","statementMap":{"0":{"start":{"line":2,"column":0},"end":{"line":2,"column":43}},"1":{"start":{"line":3,"column":0},"end":{"line":3,"column":56}},"2":{"start":{"line":4,"column":0},"end":{"line":4,"column":47}},"3":{"start":{"line":5,"column":0},"end":{"line":5,"column":65}},"4":{"start":{"line":6,"column":0},"end":{"line":6,"column":41}},"5":{"start":{"line":7,"column":0},"end":{"line":7,"column":81}},"6":{"start":{"line":10,"column":14},"end":{"line":10,"column":49}},"7":{"start":{"line":11,"column":24},"end":{"line":11,"column":46}},"8":{"start":{"line":12,"column":17},"end":{"line":12,"column":40}},"9":{"start":{"line":15,"column":2},"end":{"line":15,"column":29}},"10":{"start":{"line":18,"column":2},"end":{"line":27,"column":4}},"11":{"start":{"line":30,"column":2},"end":{"line":30,"column":52}},"12":{"start":{"line":33,"column":2},"end":{"line":36,"column":5}},"13":{"start":{"line":39,"column":17},"end":{"line":49,"column":12}},"14":{"start":{"line":51,"column":19},"end":{"line":51,"column":60}},"15":{"start":{"line":52,"column":2},"end":{"line":52,"column":49}},"16":{"start":{"line":54,"column":15},"end":{"line":54,"column":54}},"17":{"start":{"line":55,"column":2},"end":{"line":55,"column":25}},"18":{"start":{"line":57,"column":2},"end":{"line":57,"column":68}},"19":{"start":{"line":58,"column":2},"end":{"line":58,"column":73}},"20":{"start":{"line":61,"column":0},"end":{"line":64,"column":3}},"21":{"start":{"line":62,"column":2},"end":{"line":62,"column":55}},"22":{"start":{"line":63,"column":2},"end":{"line":63,"column":18}}},"fnMap":{"0":{"name":"bootstrap","decl":{"start":{"line":9,"column":15},"end":{"line":9,"column":24}},"loc":{"start":{"line":9,"column":24},"end":{"line":59,"column":1}}},"1":{"name":"(anonymous_1)","decl":{"start":{"line":61,"column":18},"end":{"line":61,"column":19}},"loc":{"start":{"line":61,"column":28},"end":{"line":64,"column":1}}}},"branchMap":{},"s":{"0":0,"1":0,"2":0,"3":0,"4":0,"5":0,"6":0,"7":0,"8":0,"9":0,"10":0,"11":0,"12":0,"13":0,"14":0,"15":0,"16":0,"17":0,"18":0,"19":0,"20":0,"21":0,"22":0},"f":{"0":0,"1":0},"b":{}}
,"/Users/kapoor/Desktop/Projects/VC/veteran-healthcare-rbac/src/audit/audit.module.ts": {"path":"/Users/kapoor/Desktop/Projects/VC/veteran-healthcare-rbac/src/audit/audit.module.ts","statementMap":{"0":{"start":{"line":1,"column":0},"end":{"line":1,"column":40}},"1":{"start":{"line":2,"column":0},"end":{"line":2,"column":48}},"2":{"start":{"line":3,"column":0},"end":{"line":3,"column":55}},"3":{"start":{"line":4,"column":0},"end":{"line":4,"column":56}},"4":{"start":{"line":11,"column":7},"end":{"line":11,"column":null}},"5":{"start":{"line":11,"column":13},"end":{"line":11,"column":24}},"6":{"start":{"line":11,"column":13},"end":{"line":11,"column":null}}},"fnMap":{},"branchMap":{},"s":{"0":0,"1":0,"2":0,"3":0,"4":0,"5":0,"6":0},"f":{},"b":{}}
,"/Users/kapoor/Desktop/Projects/VC/veteran-healthcare-rbac/src/audit/entities/audit-log.entity.ts": {"path":"/Users/kapoor/Desktop/Projects/VC/veteran-healthcare-rbac/src/audit/entities/audit-log.entity.ts","statementMap":{"0":{"start":{"line":1,"column":0},"end":{"line":1,"column":null}},"1":{"start":{"line":9,"column":0},"end":{"line":9,"column":56}},"2":{"start":{"line":10,"column":0},"end":{"line":10,"column":79}},"3":{"start":{"line":12,"column":0},"end":{"line":12,"column":null}},"4":{"start":{"line":13,"column":2},"end":{"line":13,"column":null}},"5":{"start":{"line":14,"column":2},"end":{"line":14,"column":null}},"6":{"start":{"line":15,"column":2},"end":{"line":15,"column":null}},"7":{"start":{"line":16,"column":2},"end":{"line":16,"column":null}},"8":{"start":{"line":17,"column":2},"end":{"line":17,"column":null}},"9":{"start":{"line":18,"column":2},"end":{"line":18,"column":null}},"10":{"start":{"line":19,"column":2},"end":{"line":19,"column":null}},"11":{"start":{"line":22,"column":0},"end":{"line":22,"column":null}},"12":{"start":{"line":23,"column":2},"end":{"line":23,"column":null}},"13":{"start":{"line":24,"column":2},"end":{"line":24,"column":null}},"14":{"start":{"line":25,"column":2},"end":{"line":25,"column":null}},"15":{"start":{"line":29,"column":7},"end":{"line":105,"column":null}},"16":{"start":{"line":90,"column":4},"end":{"line":98,"column":6}},"17":{"start":{"line":103,"column":4},"end":{"line":103,"column":60}},"18":{"start":{"line":29,"column":13},"end":{"line":29,"column":21}},"19":{"start":{"line":31,"column":2},"end":{"line":31,"column":null}},"20":{"start":{"line":34,"column":2},"end":{"line":34,"column":null}},"21":{"start":{"line":40,"column":2},"end":{"line":40,"column":null}},"22":{"start":{"line":46,"column":2},"end":{"line":46,"column":null}},"23":{"start":{"line":49,"column":2},"end":{"line":49,"column":null}},"24":{"start":{"line":52,"column":2},"end":{"line":52,"column":null}},"25":{"start":{"line":55,"column":2},"end":{"line":55,"column":null}},"26":{"start":{"line":58,"column":2},"end":{"line":58,"column":null}},"27":{"start":{"line":61,"column":2},"end":{"line":61,"column":null}},"28":{"start":{"line":64,"column":2},"end":{"line":64,"column":null}},"29":{"start":{"line":67,"column":2},"end":{"line":67,"column":20}},"30":{"start":{"line":71,"column":2},"end":{"line":71,"column":null}},"31":{"start":{"line":69,"column":19},"end":{"line":69,"column":23}},"32":{"start":{"line":69,"column":35},"end":{"line":69,"column":49}},"33":{"start":{"line":75,"column":2},"end":{"line":75,"column":null}},"34":{"start":{"line":73,"column":19},"end":{"line":73,"column":32}},"35":{"start":{"line":73,"column":53},"end":{"line":73,"column":76}},"36":{"start":{"line":78,"column":2},"end":{"line":78,"column":null}},"37":{"start":{"line":29,"column":13},"end":{"line":105,"column":null}}},"fnMap":{"0":{"name":"(anonymous_2)","decl":{"start":{"line":12,"column":0},"end":{"line":12,"column":12}},"loc":{"start":{"line":12,"column":23},"end":{"line":20,"column":1}}},"1":{"name":"(anonymous_3)","decl":{"start":{"line":22,"column":0},"end":{"line":22,"column":12}},"loc":{"start":{"line":22,"column":23},"end":{"line":26,"column":1}}},"2":{"name":"(anonymous_4)","decl":{"start":{"line":81,"column":2},"end":{"line":81,"column":8}},"loc":{"start":{"line":88,"column":18},"end":{"line":99,"column":3}}},"3":{"name":"(anonymous_5)","decl":{"start":{"line":102,"column":2},"end":{"line":102,"column":6}},"loc":{"start":{"line":102,"column":20},"end":{"line":104,"column":3}}},"4":{"name":"(anonymous_6)","decl":{"start":{"line":69,"column":13},"end":{"line":69,"column":16}},"loc":{"start":{"line":69,"column":19},"end":{"line":69,"column":23}}},"5":{"name":"(anonymous_7)","decl":{"start":{"line":69,"column":25},"end":{"line":69,"column":26}},"loc":{"start":{"line":69,"column":35},"end":{"line":69,"column":49}}},"6":{"name":"(anonymous_8)","decl":{"start":{"line":73,"column":13},"end":{"line":73,"column":16}},"loc":{"start":{"line":73,"column":19},"end":{"line":73,"column":32}}},"7":{"name":"(anonymous_9)","decl":{"start":{"line":73,"column":34},"end":{"line":73,"column":35}},"loc":{"start":{"line":73,"column":53},"end":{"line":73,"column":76}}}},"branchMap":{"0":{"loc":{"start":{"line":12,"column":12},"end":{"line":12,"column":null}},"type":"binary-expr","locations":[{"start":{"line":12,"column":12},"end":{"line":12,"column":23}},{"start":{"line":12,"column":23},"end":{"line":12,"column":null}}]},"1":{"loc":{"start":{"line":22,"column":12},"end":{"line":22,"column":null}},"type":"binary-expr","locations":[{"start":{"line":22,"column":12},"end":{"line":22,"column":23}},{"start":{"line":22,"column":23},"end":{"line":22,"column":null}}]},"2":{"loc":{"start":{"line":97,"column":16},"end":{"line":97,"column":63}},"type":"cond-expr","locations":[{"start":{"line":97,"column":27},"end":{"line":97,"column":51}},{"start":{"line":97,"column":54},"end":{"line":97,"column":63}}]},"3":{"loc":{"start":{"line":103,"column":11},"end":{"line":103,"column":59}},"type":"cond-expr","locations":[{"start":{"line":103,"column":27},"end":{"line":103,"column":52}},{"start":{"line":103,"column":55},"end":{"line":103,"column":59}}]}},"s":{"0":1,"1":1,"2":1,"3":1,"4":1,"5":1,"6":1,"7":1,"8":1,"9":1,"10":1,"11":1,"12":1,"13":1,"14":1,"15":1,"16":0,"17":0,"18":1,"19":1,"20":1,"21":1,"22":1,"23":1,"24":1,"25":1,"26":1,"27":1,"28":1,"29":1,"30":1,"31":0,"32":0,"33":1,"34":0,"35":0,"36":1,"37":1},"f":{"0":1,"1":1,"2":0,"3":0,"4":0,"5":0,"6":0,"7":0},"b":{"0":[1,1],"1":[1,1],"2":[0,0],"3":[0,0]}}
,"/Users/kapoor/Desktop/Projects/VC/veteran-healthcare-rbac/src/audit/services/audit.service.ts": {"path":"/Users/kapoor/Desktop/Projects/VC/veteran-healthcare-rbac/src/audit/services/audit.service.ts","statementMap":{"0":{"start":{"line":1,"column":0},"end":{"line":1,"column":52}},"1":{"start":{"line":2,"column":0},"end":{"line":2,"column":51}},"2":{"start":{"line":3,"column":0},"end":{"line":3,"column":37}},"3":{"start":{"line":4,"column":0},"end":{"line":4,"column":82}},"4":{"start":{"line":7,"column":25},"end":{"line":250,"column":null}},"5":{"start":{"line":8,"column":28},"end":{"line":8,"column":57}},"6":{"start":{"line":12,"column":12},"end":{"line":12,"column":32}},"7":{"start":{"line":26,"column":4},"end":{"line":41,"column":5}},"8":{"start":{"line":27,"column":23},"end":{"line":34,"column":null}},"9":{"start":{"line":37,"column":6},"end":{"line":37,"column":51}},"10":{"start":{"line":38,"column":6},"end":{"line":38,"column":93}},"11":{"start":{"line":40,"column":6},"end":{"line":40,"column":55}},"12":{"start":{"line":54,"column":4},"end":{"line":69,"column":5}},"13":{"start":{"line":55,"column":23},"end":{"line":62,"column":null}},"14":{"start":{"line":65,"column":6},"end":{"line":65,"column":51}},"15":{"start":{"line":66,"column":6},"end":{"line":66,"column":125}},"16":{"start":{"line":68,"column":6},"end":{"line":68,"column":62}},"17":{"start":{"line":76,"column":4},"end":{"line":91,"column":5}},"18":{"start":{"line":77,"column":23},"end":{"line":84,"column":null}},"19":{"start":{"line":87,"column":6},"end":{"line":87,"column":51}},"20":{"start":{"line":88,"column":6},"end":{"line":88,"column":51}},"21":{"start":{"line":90,"column":6},"end":{"line":90,"column":54}},"22":{"start":{"line":98,"column":4},"end":{"line":112,"column":5}},"23":{"start":{"line":99,"column":23},"end":{"line":105,"column":null}},"24":{"start":{"line":108,"column":6},"end":{"line":108,"column":51}},"25":{"start":{"line":109,"column":6},"end":{"line":109,"column":52}},"26":{"start":{"line":111,"column":6},"end":{"line":111,"column":55}},"27":{"start":{"line":124,"column":4},"end":{"line":138,"column":5}},"28":{"start":{"line":125,"column":23},"end":{"line":131,"column":null}},"29":{"start":{"line":134,"column":6},"end":{"line":134,"column":51}},"30":{"start":{"line":135,"column":6},"end":{"line":135,"column":91}},"31":{"start":{"line":137,"column":6},"end":{"line":137,"column":66}},"32":{"start":{"line":150,"column":4},"end":{"line":164,"column":5}},"33":{"start":{"line":151,"column":23},"end":{"line":157,"column":null}},"34":{"start":{"line":160,"column":6},"end":{"line":160,"column":51}},"35":{"start":{"line":161,"column":6},"end":{"line":161,"column":91}},"36":{"start":{"line":163,"column":6},"end":{"line":163,"column":64}},"37":{"start":{"line":176,"column":4},"end":{"line":190,"column":5}},"38":{"start":{"line":177,"column":23},"end":{"line":183,"column":null}},"39":{"start":{"line":186,"column":6},"end":{"line":186,"column":51}},"40":{"start":{"line":187,"column":6},"end":{"line":187,"column":91}},"41":{"start":{"line":189,"column":6},"end":{"line":189,"column":66}},"42":{"start":{"line":197,"column":4},"end":{"line":202,"column":7}},"43":{"start":{"line":209,"column":4},"end":{"line":214,"column":7}},"44":{"start":{"line":221,"column":4},"end":{"line":226,"column":7}},"45":{"start":{"line":233,"column":4},"end":{"line":248,"column":5}},"46":{"start":{"line":235,"column":8},"end":{"line":235,"column":34}},"47":{"start":{"line":237,"column":8},"end":{"line":237,"column":32}},"48":{"start":{"line":239,"column":8},"end":{"line":239,"column":34}},"49":{"start":{"line":241,"column":8},"end":{"line":241,"column":34}},"50":{"start":{"line":243,"column":8},"end":{"line":243,"column":33}},"51":{"start":{"line":245,"column":8},"end":{"line":245,"column":34}},"52":{"start":{"line":247,"column":8},"end":{"line":247,"column":32}},"53":{"start":{"line":7,"column":13},"end":{"line":7,"column":25}},"54":{"start":{"line":7,"column":13},"end":{"line":250,"column":null}}},"fnMap":{"0":{"name":"(anonymous_4)","decl":{"start":{"line":10,"column":2},"end":{"line":10,"column":null}},"loc":{"start":{"line":12,"column":52},"end":{"line":13,"column":6}}},"1":{"name":"(anonymous_5)","decl":{"start":{"line":18,"column":2},"end":{"line":18,"column":7}},"loc":{"start":{"line":24,"column":18},"end":{"line":42,"column":3}}},"2":{"name":"(anonymous_6)","decl":{"start":{"line":47,"column":2},"end":{"line":47,"column":7}},"loc":{"start":{"line":52,"column":19},"end":{"line":70,"column":3}}},"3":{"name":"(anonymous_7)","decl":{"start":{"line":75,"column":2},"end":{"line":75,"column":7}},"loc":{"start":{"line":75,"column":71},"end":{"line":92,"column":3}}},"4":{"name":"(anonymous_8)","decl":{"start":{"line":97,"column":2},"end":{"line":97,"column":7}},"loc":{"start":{"line":97,"column":32},"end":{"line":113,"column":3}}},"5":{"name":"(anonymous_9)","decl":{"start":{"line":118,"column":2},"end":{"line":118,"column":7}},"loc":{"start":{"line":122,"column":20},"end":{"line":139,"column":3}}},"6":{"name":"(anonymous_10)","decl":{"start":{"line":144,"column":2},"end":{"line":144,"column":7}},"loc":{"start":{"line":148,"column":20},"end":{"line":165,"column":3}}},"7":{"name":"(anonymous_11)","decl":{"start":{"line":170,"column":2},"end":{"line":170,"column":7}},"loc":{"start":{"line":174,"column":20},"end":{"line":191,"column":3}}},"8":{"name":"(anonymous_12)","decl":{"start":{"line":196,"column":2},"end":{"line":196,"column":7}},"loc":{"start":{"line":196,"column":60},"end":{"line":203,"column":3}}},"9":{"name":"(anonymous_13)","decl":{"start":{"line":208,"column":2},"end":{"line":208,"column":7}},"loc":{"start":{"line":208,"column":90},"end":{"line":215,"column":3}}},"10":{"name":"(anonymous_14)","decl":{"start":{"line":220,"column":2},"end":{"line":220,"column":7}},"loc":{"start":{"line":220,"column":49},"end":{"line":227,"column":3}}},"11":{"name":"(anonymous_15)","decl":{"start":{"line":232,"column":10},"end":{"line":232,"column":32}},"loc":{"start":{"line":232,"column":47},"end":{"line":249,"column":3}}}},"branchMap":{"0":{"loc":{"start":{"line":38,"column":73},"end":{"line":38,"column":89}},"type":"binary-expr","locations":[{"start":{"line":38,"column":73},"end":{"line":38,"column":83}},{"start":{"line":38,"column":87},"end":{"line":38,"column":89}}]},"1":{"loc":{"start":{"line":66,"column":73},"end":{"line":66,"column":89}},"type":"binary-expr","locations":[{"start":{"line":66,"column":73},"end":{"line":66,"column":83}},{"start":{"line":66,"column":87},"end":{"line":66,"column":89}}]},"2":{"loc":{"start":{"line":66,"column":95},"end":{"line":66,"column":121}},"type":"binary-expr","locations":[{"start":{"line":66,"column":95},"end":{"line":66,"column":101}},{"start":{"line":66,"column":105},"end":{"line":66,"column":121}}]},"3":{"loc":{"start":{"line":196,"column":41},"end":{"line":196,"column":60}},"type":"default-arg","locations":[{"start":{"line":196,"column":57},"end":{"line":196,"column":60}}]},"4":{"loc":{"start":{"line":208,"column":71},"end":{"line":208,"column":90}},"type":"default-arg","locations":[{"start":{"line":208,"column":87},"end":{"line":208,"column":90}}]},"5":{"loc":{"start":{"line":220,"column":31},"end":{"line":220,"column":49}},"type":"default-arg","locations":[{"start":{"line":220,"column":47},"end":{"line":220,"column":49}}]},"6":{"loc":{"start":{"line":233,"column":4},"end":{"line":248,"column":5}},"type":"switch","locations":[{"start":{"line":234,"column":6},"end":{"line":235,"column":34}},{"start":{"line":236,"column":6},"end":{"line":237,"column":32}},{"start":{"line":238,"column":6},"end":{"line":239,"column":34}},{"start":{"line":240,"column":6},"end":{"line":241,"column":34}},{"start":{"line":242,"column":6},"end":{"line":243,"column":33}},{"start":{"line":244,"column":6},"end":{"line":245,"column":34}},{"start":{"line":246,"column":6},"end":{"line":247,"column":32}}]}},"s":{"0":1,"1":1,"2":1,"3":1,"4":1,"5":0,"6":0,"7":0,"8":0,"9":0,"10":0,"11":0,"12":0,"13":0,"14":0,"15":0,"16":0,"17":0,"18":0,"19":0,"20":0,"21":0,"22":0,"23":0,"24":0,"25":0,"26":0,"27":0,"28":0,"29":0,"30":0,"31":0,"32":0,"33":0,"34":0,"35":0,"36":0,"37":0,"38":0,"39":0,"40":0,"41":0,"42":0,"43":0,"44":0,"45":0,"46":0,"47":0,"48":0,"49":0,"50":0,"51":0,"52":0,"53":1,"54":1},"f":{"0":0,"1":0,"2":0,"3":0,"4":0,"5":0,"6":0,"7":0,"8":0,"9":0,"10":0,"11":0},"b":{"0":[0,0],"1":[0,0],"2":[0,0],"3":[0],"4":[0],"5":[0],"6":[0,0,0,0,0,0,0]}}
,"/Users/kapoor/Desktop/Projects/VC/veteran-healthcare-rbac/src/auth/auth.module.ts": {"path":"/Users/kapoor/Desktop/Projects/VC/veteran-healthcare-rbac/src/auth/auth.module.ts","statementMap":{"0":{"start":{"line":1,"column":0},"end":{"line":1,"column":40}},"1":{"start":{"line":2,"column":0},"end":{"line":2,"column":48}},"2":{"start":{"line":3,"column":0},"end":{"line":3,"column":40}},"3":{"start":{"line":4,"column":0},"end":{"line":4,"column":47}},"4":{"start":{"line":5,"column":0},"end":{"line":5,"column":53}},"5":{"start":{"line":6,"column":0},"end":{"line":6,"column":62}},"6":{"start":{"line":7,"column":0},"end":{"line":7,"column":59}},"7":{"start":{"line":8,"column":0},"end":{"line":8,"column":71}},"8":{"start":{"line":9,"column":0},"end":{"line":9,"column":77}},"9":{"start":{"line":10,"column":0},"end":{"line":10,"column":76}},"10":{"start":{"line":11,"column":0},"end":{"line":11,"column":52}},"11":{"start":{"line":12,"column":0},"end":{"line":12,"column":54}},"12":{"start":{"line":13,"column":0},"end":{"line":13,"column":54}},"13":{"start":{"line":14,"column":0},"end":{"line":14,"column":56}},"14":{"start":{"line":15,"column":0},"end":{"line":15,"column":63}},"15":{"start":{"line":42,"column":7},"end":{"line":42,"column":null}},"16":{"start":{"line":42,"column":13},"end":{"line":42,"column":23}},"17":{"start":{"line":42,"column":13},"end":{"line":42,"column":null}},"18":{"start":{"line":29,"column":53},"end":{"line":34,"column":8}}},"fnMap":{"0":{"name":"(anonymous_1)","decl":{"start":{"line":29,"column":18},"end":{"line":29,"column":19}},"loc":{"start":{"line":29,"column":53},"end":{"line":34,"column":8}}}},"branchMap":{},"s":{"0":0,"1":0,"2":0,"3":0,"4":0,"5":0,"6":0,"7":0,"8":0,"9":0,"10":0,"11":0,"12":0,"13":0,"14":0,"15":0,"16":0,"17":0,"18":0},"f":{"0":0},"b":{}}
,"/Users/kapoor/Desktop/Projects/VC/veteran-healthcare-rbac/src/auth/controllers/auth.controller.ts": {"path":"/Users/kapoor/Desktop/Projects/VC/veteran-healthcare-rbac/src/auth/controllers/auth.controller.ts","statementMap":{"0":{"start":{"line":1,"column":0},"end":{"line":1,"column":null}},"1":{"start":{"line":10,"column":0},"end":{"line":10,"column":null}},"2":{"start":{"line":17,"column":0},"end":{"line":17,"column":55}},"3":{"start":{"line":18,"column":0},"end":{"line":18,"column":68}},"4":{"start":{"line":19,"column":0},"end":{"line":19,"column":66}},"5":{"start":{"line":20,"column":0},"end":{"line":20,"column":77}},"6":{"start":{"line":21,"column":0},"end":{"line":21,"column":66}},"7":{"start":{"line":25,"column":7},"end":{"line":212,"column":null}},"8":{"start":{"line":26,"column":22},"end":{"line":26,"column":35}},"9":{"start":{"line":94,"column":4},"end":{"line":94,"column":50}},"10":{"start":{"line":150,"column":4},"end":{"line":150,"column":44}},"11":{"start":{"line":179,"column":4},"end":{"line":179,"column":43}},"12":{"start":{"line":180,"column":4},"end":{"line":180,"column":50}},"13":{"start":{"line":210,"column":4},"end":{"line":210,"column":16}},"14":{"start":{"line":25,"column":13},"end":{"line":25,"column":27}},"15":{"start":{"line":93,"column":8},"end":{"line":95,"column":null}},"16":{"start":{"line":149,"column":8},"end":{"line":151,"column":null}},"17":{"start":{"line":178,"column":8},"end":{"line":181,"column":null}},"18":{"start":{"line":209,"column":8},"end":{"line":211,"column":null}},"19":{"start":{"line":25,"column":13},"end":{"line":212,"column":null}}},"fnMap":{"0":{"name":"(anonymous_4)","decl":{"start":{"line":26,"column":2},"end":{"line":26,"column":22}},"loc":{"start":{"line":26,"column":46},"end":{"line":26,"column":50}}},"1":{"name":"(anonymous_5)","decl":{"start":{"line":93,"column":2},"end":{"line":93,"column":7}},"loc":{"start":{"line":93,"column":49},"end":{"line":95,"column":3}}},"2":{"name":"(anonymous_6)","decl":{"start":{"line":149,"column":2},"end":{"line":149,"column":7}},"loc":{"start":{"line":149,"column":40},"end":{"line":151,"column":3}}},"3":{"name":"(anonymous_7)","decl":{"start":{"line":178,"column":2},"end":{"line":178,"column":7}},"loc":{"start":{"line":178,"column":39},"end":{"line":181,"column":3}}},"4":{"name":"(anonymous_8)","decl":{"start":{"line":209,"column":2},"end":{"line":209,"column":7}},"loc":{"start":{"line":209,"column":43},"end":{"line":211,"column":3}}}},"branchMap":{},"s":{"0":0,"1":0,"2":0,"3":0,"4":0,"5":0,"6":0,"7":0,"8":0,"9":0,"10":0,"11":0,"12":0,"13":0,"14":0,"15":0,"16":0,"17":0,"18":0,"19":0},"f":{"0":0,"1":0,"2":0,"3":0,"4":0},"b":{}}
,"/Users/kapoor/Desktop/Projects/VC/veteran-healthcare-rbac/src/auth/dto/auth.dto.ts": {"path":"/Users/kapoor/Desktop/Projects/VC/veteran-healthcare-rbac/src/auth/dto/auth.dto.ts","statementMap":{"0":{"start":{"line":1,"column":0},"end":{"line":1,"column":87}},"1":{"start":{"line":2,"column":0},"end":{"line":2,"column":67}},"2":{"start":{"line":4,"column":0},"end":{"line":4,"column":13}},"3":{"start":{"line":10,"column":2},"end":{"line":10,"column":null}},"4":{"start":{"line":19,"column":2},"end":{"line":19,"column":null}},"5":{"start":{"line":22,"column":0},"end":{"line":22,"column":13}},"6":{"start":{"line":29,"column":2},"end":{"line":29,"column":null}},"7":{"start":{"line":37,"column":2},"end":{"line":37,"column":null}},"8":{"start":{"line":45,"column":2},"end":{"line":45,"column":null}}},"fnMap":{},"branchMap":{},"s":{"0":0,"1":0,"2":0,"3":0,"4":0,"5":0,"6":0,"7":0,"8":0},"f":{},"b":{}}
,"/Users/kapoor/Desktop/Projects/VC/veteran-healthcare-rbac/src/auth/services/auth.service.ts": {"path":"/Users/kapoor/Desktop/Projects/VC/veteran-healthcare-rbac/src/auth/services/auth.service.ts","statementMap":{"0":{"start":{"line":1,"column":0},"end":{"line":1,"column":110}},"1":{"start":{"line":2,"column":0},"end":{"line":2,"column":41}},"2":{"start":{"line":3,"column":0},"end":{"line":3,"column":51}},"3":{"start":{"line":4,"column":0},"end":{"line":4,"column":37}},"4":{"start":{"line":5,"column":0},"end":{"line":5,"column":33}},"5":{"start":{"line":6,"column":0},"end":{"line":6,"column":56}},"6":{"start":{"line":7,"column":0},"end":{"line":7,"column":65}},"7":{"start":{"line":8,"column":0},"end":{"line":8,"column":72}},"8":{"start":{"line":9,"column":0},"end":{"line":9,"column":98}},"9":{"start":{"line":10,"column":0},"end":{"line":10,"column":66}},"10":{"start":{"line":15,"column":24},"end":{"line":290,"column":null}},"11":{"start":{"line":16,"column":28},"end":{"line":16,"column":56}},"12":{"start":{"line":21,"column":12},"end":{"line":21,"column":28}},"13":{"start":{"line":23,"column":12},"end":{"line":23,"column":32}},"14":{"start":{"line":25,"column":12},"end":{"line":25,"column":28}},"15":{"start":{"line":27,"column":12},"end":{"line":27,"column":36}},"16":{"start":{"line":28,"column":12},"end":{"line":28,"column":24}},"17":{"start":{"line":29,"column":12},"end":{"line":29,"column":26}},"18":{"start":{"line":33,"column":4},"end":{"line":33,"column":43}},"19":{"start":{"line":34,"column":4},"end":{"line":34,"column":36}},"20":{"start":{"line":38,"column":4},"end":{"line":56,"column":5}},"21":{"start":{"line":39,"column":24},"end":{"line":41,"column":8}},"22":{"start":{"line":43,"column":6},"end":{"line":51,"column":7}},"23":{"start":{"line":44,"column":8},"end":{"line":49,"column":11}},"24":{"start":{"line":50,"column":8},"end":{"line":50,"column":58}},"25":{"start":{"line":53,"column":6},"end":{"line":53,"column":50}},"26":{"start":{"line":55,"column":6},"end":{"line":55,"column":73}},"27":{"start":{"line":60,"column":4},"end":{"line":91,"column":5}},"28":{"start":{"line":61,"column":20},"end":{"line":77,"column":8}},"29":{"start":{"line":79,"column":6},"end":{"line":88,"column":7}},"30":{"start":{"line":80,"column":29},"end":{"line":82,"column":10}},"31":{"start":{"line":84,"column":8},"end":{"line":87,"column":9}},"32":{"start":{"line":85,"column":10},"end":{"line":85,"column":51}},"33":{"start":{"line":86,"column":10},"end":{"line":86,"column":62}},"34":{"start":{"line":90,"column":6},"end":{"line":90,"column":66}},"35":{"start":{"line":95,"column":25},"end":{"line":97,"column":6}},"36":{"start":{"line":99,"column":4},"end":{"line":101,"column":5}},"37":{"start":{"line":100,"column":6},"end":{"line":100,"column":75}},"38":{"start":{"line":104,"column":25},"end":{"line":104,"column":51}},"39":{"start":{"line":106,"column":4},"end":{"line":116,"column":5}},"40":{"start":{"line":107,"column":27},"end":{"line":109,"column":8}},"41":{"start":{"line":111,"column":6},"end":{"line":113,"column":7}},"42":{"start":{"line":112,"column":8},"end":{"line":112,"column":63}},"43":{"start":{"line":115,"column":6},"end":{"line":115,"column":61}},"44":{"start":{"line":118,"column":27},"end":{"line":118,"column":70}},"45":{"start":{"line":120,"column":17},"end":{"line":126,"column":6}},"46":{"start":{"line":128,"column":22},"end":{"line":128,"column":58}},"47":{"start":{"line":131,"column":4},"end":{"line":131,"column":44}},"48":{"start":{"line":133,"column":32},"end":{"line":137,"column":6}},"49":{"start":{"line":139,"column":25},"end":{"line":139,"column":54}},"50":{"start":{"line":141,"column":4},"end":{"line":141,"column":71}},"51":{"start":{"line":143,"column":4},"end":{"line":152,"column":6}},"52":{"start":{"line":162,"column":4},"end":{"line":204,"column":5}},"53":{"start":{"line":166,"column":24},"end":{"line":166,"column":57}},"54":{"start":{"line":167,"column":26},"end":{"line":173,"column":8}},"55":{"start":{"line":175,"column":6},"end":{"line":184,"column":7}},"56":{"start":{"line":176,"column":8},"end":{"line":176,"column":38}},"57":{"start":{"line":177,"column":8},"end":{"line":177,"column":70}},"58":{"start":{"line":178,"column":13},"end":{"line":184,"column":7}},"59":{"start":{"line":179,"column":8},"end":{"line":179,"column":38}},"60":{"start":{"line":180,"column":8},"end":{"line":180,"column":58}},"61":{"start":{"line":182,"column":8},"end":{"line":182,"column":39}},"62":{"start":{"line":183,"column":8},"end":{"line":183,"column":60}},"63":{"start":{"line":186,"column":19},"end":{"line":188,"column":8}},"64":{"start":{"line":190,"column":6},"end":{"line":201,"column":7}},"65":{"start":{"line":191,"column":8},"end":{"line":196,"column":11}},"66":{"start":{"line":198,"column":8},"end":{"line":198,"column":82}},"67":{"start":{"line":200,"column":8},"end":{"line":200,"column":62}},"68":{"start":{"line":203,"column":6},"end":{"line":203,"column":65}},"69":{"start":{"line":211,"column":4},"end":{"line":216,"column":6}},"70":{"start":{"line":220,"column":4},"end":{"line":222,"column":5}},"71":{"start":{"line":221,"column":6},"end":{"line":221,"column":40}},"72":{"start":{"line":224,"column":21},"end":{"line":226,"column":6}},"73":{"start":{"line":228,"column":4},"end":{"line":236,"column":5}},"74":{"start":{"line":229,"column":6},"end":{"line":234,"column":9}},"75":{"start":{"line":235,"column":6},"end":{"line":235,"column":64}},"76":{"start":{"line":238,"column":4},"end":{"line":238,"column":47}},"77":{"start":{"line":239,"column":4},"end":{"line":239,"column":25}},"78":{"start":{"line":243,"column":17},"end":{"line":245,"column":6}},"79":{"start":{"line":247,"column":4},"end":{"line":249,"column":5}},"80":{"start":{"line":248,"column":6},"end":{"line":248,"column":61}},"81":{"start":{"line":251,"column":28},"end":{"line":251,"column":82}},"82":{"start":{"line":253,"column":4},"end":{"line":255,"column":5}},"83":{"start":{"line":254,"column":6},"end":{"line":254,"column":61}},"84":{"start":{"line":257,"column":32},"end":{"line":261,"column":6}},"85":{"start":{"line":263,"column":25},"end":{"line":263,"column":54}},"86":{"start":{"line":266,"column":4},"end":{"line":266,"column":46}},"87":{"start":{"line":268,"column":4},"end":{"line":277,"column":6}},"88":{"start":{"line":281,"column":4},"end":{"line":281,"column":46}},"89":{"start":{"line":285,"column":4},"end":{"line":288,"column":7}},"90":{"start":{"line":15,"column":13},"end":{"line":15,"column":24}},"91":{"start":{"line":15,"column":13},"end":{"line":290,"column":null}}},"fnMap":{"0":{"name":"(anonymous_4)","decl":{"start":{"line":19,"column":2},"end":{"line":19,"column":null}},"loc":{"start":{"line":29,"column":38},"end":{"line":30,"column":6}}},"1":{"name":"(anonymous_5)","decl":{"start":{"line":32,"column":2},"end":{"line":32,"column":7}},"loc":{"start":{"line":32,"column":20},"end":{"line":35,"column":3}}},"2":{"name":"(anonymous_6)","decl":{"start":{"line":37,"column":10},"end":{"line":37,"column":15}},"loc":{"start":{"line":37,"column":41},"end":{"line":57,"column":3}}},"3":{"name":"(anonymous_7)","decl":{"start":{"line":59,"column":10},"end":{"line":59,"column":15}},"loc":{"start":{"line":59,"column":34},"end":{"line":92,"column":3}}},"4":{"name":"(anonymous_8)","decl":{"start":{"line":94,"column":2},"end":{"line":94,"column":7}},"loc":{"start":{"line":94,"column":41},"end":{"line":153,"column":3}}},"5":{"name":"(anonymous_9)","decl":{"start":{"line":161,"column":10},"end":{"line":161,"column":15}},"loc":{"start":{"line":161,"column":44},"end":{"line":205,"column":3}}},"6":{"name":"(anonymous_10)","decl":{"start":{"line":210,"column":10},"end":{"line":210,"column":22}},"loc":{"start":{"line":210,"column":36},"end":{"line":217,"column":3}}},"7":{"name":"(anonymous_11)","decl":{"start":{"line":219,"column":10},"end":{"line":219,"column":15}},"loc":{"start":{"line":219,"column":40},"end":{"line":240,"column":3}}},"8":{"name":"(anonymous_12)","decl":{"start":{"line":242,"column":2},"end":{"line":242,"column":7}},"loc":{"start":{"line":242,"column":32},"end":{"line":278,"column":3}}},"9":{"name":"(anonymous_13)","decl":{"start":{"line":280,"column":2},"end":{"line":280,"column":7}},"loc":{"start":{"line":280,"column":29},"end":{"line":282,"column":3}}},"10":{"name":"(anonymous_14)","decl":{"start":{"line":284,"column":2},"end":{"line":284,"column":7}},"loc":{"start":{"line":284,"column":35},"end":{"line":289,"column":3}}}},"branchMap":{"0":{"loc":{"start":{"line":43,"column":6},"end":{"line":51,"column":7}},"type":"if","locations":[{"start":{"line":43,"column":6},"end":{"line":51,"column":7}}]},"1":{"loc":{"start":{"line":84,"column":8},"end":{"line":87,"column":9}},"type":"if","locations":[{"start":{"line":84,"column":8},"end":{"line":87,"column":9}}]},"2":{"loc":{"start":{"line":99,"column":4},"end":{"line":101,"column":5}},"type":"if","locations":[{"start":{"line":99,"column":4},"end":{"line":101,"column":5}}]},"3":{"loc":{"start":{"line":106,"column":4},"end":{"line":116,"column":5}},"type":"if","locations":[{"start":{"line":106,"column":4},"end":{"line":116,"column":5}},{"start":{"line":114,"column":11},"end":{"line":116,"column":5}}]},"4":{"loc":{"start":{"line":111,"column":6},"end":{"line":113,"column":7}},"type":"if","locations":[{"start":{"line":111,"column":6},"end":{"line":113,"column":7}}]},"5":{"loc":{"start":{"line":175,"column":6},"end":{"line":184,"column":7}},"type":"if","locations":[{"start":{"line":175,"column":6},"end":{"line":184,"column":7}},{"start":{"line":178,"column":13},"end":{"line":184,"column":7}}]},"6":{"loc":{"start":{"line":175,"column":10},"end":{"line":175,"column":41}},"type":"binary-expr","locations":[{"start":{"line":175,"column":10},"end":{"line":175,"column":25}},{"start":{"line":175,"column":29},"end":{"line":175,"column":41}}]},"7":{"loc":{"start":{"line":178,"column":13},"end":{"line":184,"column":7}},"type":"if","locations":[{"start":{"line":178,"column":13},"end":{"line":184,"column":7}},{"start":{"line":181,"column":13},"end":{"line":184,"column":7}}]},"8":{"loc":{"start":{"line":190,"column":6},"end":{"line":201,"column":7}},"type":"if","locations":[{"start":{"line":190,"column":6},"end":{"line":201,"column":7}},{"start":{"line":199,"column":13},"end":{"line":201,"column":7}}]},"9":{"loc":{"start":{"line":212,"column":6},"end":{"line":215,"column":30}},"type":"binary-expr","locations":[{"start":{"line":212,"column":6},"end":{"line":212,"column":32}},{"start":{"line":213,"column":6},"end":{"line":213,"column":40}},{"start":{"line":214,"column":6},"end":{"line":214,"column":31}},{"start":{"line":215,"column":6},"end":{"line":215,"column":30}}]},"10":{"loc":{"start":{"line":220,"column":4},"end":{"line":222,"column":5}},"type":"if","locations":[{"start":{"line":220,"column":4},"end":{"line":222,"column":5}}]},"11":{"loc":{"start":{"line":228,"column":4},"end":{"line":236,"column":5}},"type":"if","locations":[{"start":{"line":228,"column":4},"end":{"line":236,"column":5}}]},"12":{"loc":{"start":{"line":247,"column":4},"end":{"line":249,"column":5}},"type":"if","locations":[{"start":{"line":247,"column":4},"end":{"line":249,"column":5}}]},"13":{"loc":{"start":{"line":253,"column":4},"end":{"line":255,"column":5}},"type":"if","locations":[{"start":{"line":253,"column":4},"end":{"line":255,"column":5}}]}},"s":{"0":0,"1":0,"2":0,"3":0,"4":0,"5":0,"6":0,"7":0,"8":0,"9":0,"10":0,"11":0,"12":0,"13":0,"14":0,"15":0,"16":0,"17":0,"18":0,"19":0,"20":0,"21":0,"22":0,"23":0,"24":0,"25":0,"26":0,"27":0,"28":0,"29":0,"30":0,"31":0,"32":0,"33":0,"34":0,"35":0,"36":0,"37":0,"38":0,"39":0,"40":0,"41":0,"42":0,"43":0,"44":0,"45":0,"46":0,"47":0,"48":0,"49":0,"50":0,"51":0,"52":0,"53":0,"54":0,"55":0,"56":0,"57":0,"58":0,"59":0,"60":0,"61":0,"62":0,"63":0,"64":0,"65":0,"66":0,"67":0,"68":0,"69":0,"70":0,"71":0,"72":0,"73":0,"74":0,"75":0,"76":0,"77":0,"78":0,"79":0,"80":0,"81":0,"82":0,"83":0,"84":0,"85":0,"86":0,"87":0,"88":0,"89":0,"90":0,"91":0},"f":{"0":0,"1":0,"2":0,"3":0,"4":0,"5":0,"6":0,"7":0,"8":0,"9":0,"10":0},"b":{"0":[0],"1":[0],"2":[0],"3":[0,0],"4":[0],"5":[0,0],"6":[0,0],"7":[0,0],"8":[0,0],"9":[0,0,0,0],"10":[0],"11":[0],"12":[0],"13":[0]}}
,"/Users/kapoor/Desktop/Projects/VC/veteran-healthcare-rbac/src/auth/services/rbac.service.ts": {"path":"/Users/kapoor/Desktop/Projects/VC/veteran-healthcare-rbac/src/auth/services/rbac.service.ts","statementMap":{"0":{"start":{"line":1,"column":0},"end":{"line":1,"column":52}},"1":{"start":{"line":2,"column":0},"end":{"line":2,"column":51}},"2":{"start":{"line":3,"column":0},"end":{"line":3,"column":37}},"3":{"start":{"line":4,"column":0},"end":{"line":4,"column":56}},"4":{"start":{"line":5,"column":0},"end":{"line":5,"column":65}},"5":{"start":{"line":6,"column":0},"end":{"line":6,"column":72}},"6":{"start":{"line":7,"column":0},"end":{"line":7,"column":106}},"7":{"start":{"line":8,"column":0},"end":{"line":8,"column":80}},"8":{"start":{"line":9,"column":0},"end":{"line":9,"column":79}},"9":{"start":{"line":10,"column":0},"end":{"line":10,"column":66}},"10":{"start":{"line":14,"column":24},"end":{"line":302,"column":null}},"11":{"start":{"line":15,"column":28},"end":{"line":15,"column":56}},"12":{"start":{"line":18,"column":65},"end":{"line":43,"column":4}},"13":{"start":{"line":47,"column":12},"end":{"line":47,"column":28}},"14":{"start":{"line":49,"column":12},"end":{"line":49,"column":32}},"15":{"start":{"line":51,"column":12},"end":{"line":51,"column":28}},"16":{"start":{"line":53,"column":12},"end":{"line":53,"column":34}},"17":{"start":{"line":55,"column":12},"end":{"line":55,"column":36}},"18":{"start":{"line":57,"column":12},"end":{"line":57,"column":37}},"19":{"start":{"line":58,"column":12},"end":{"line":58,"column":26}},"20":{"start":{"line":65,"column":4},"end":{"line":98,"column":5}},"21":{"start":{"line":66,"column":19},"end":{"line":66,"column":62}},"22":{"start":{"line":67,"column":6},"end":{"line":69,"column":7}},"23":{"start":{"line":68,"column":8},"end":{"line":68,"column":60}},"24":{"start":{"line":72,"column":30},"end":{"line":72,"column":99}},"25":{"start":{"line":75,"column":28},"end":{"line":75,"column":99}},"26":{"start":{"line":77,"column":6},"end":{"line":80,"column":7}},"27":{"start":{"line":78,"column":8},"end":{"line":78,"column":118}},"28":{"start":{"line":79,"column":8},"end":{"line":79,"column":70}},"29":{"start":{"line":83,"column":6},"end":{"line":89,"column":7}},"30":{"start":{"line":84,"column":31},"end":{"line":84,"column":70}},"31":{"start":{"line":85,"column":8},"end":{"line":88,"column":9}},"32":{"start":{"line":86,"column":10},"end":{"line":86,"column":120}},"33":{"start":{"line":87,"column":10},"end":{"line":87,"column":32}},"34":{"start":{"line":92,"column":6},"end":{"line":92,"column":110}},"35":{"start":{"line":94,"column":6},"end":{"line":94,"column":31}},"36":{"start":{"line":96,"column":6},"end":{"line":96,"column":56}},"37":{"start":{"line":97,"column":6},"end":{"line":97,"column":58}},"38":{"start":{"line":105,"column":4},"end":{"line":108,"column":7}},"39":{"start":{"line":115,"column":22},"end":{"line":122,"column":6}},"40":{"start":{"line":124,"column":24},"end":{"line":124,"column":41}},"41":{"start":{"line":126,"column":4},"end":{"line":132,"column":5}},"42":{"start":{"line":127,"column":6},"end":{"line":127,"column":38}},"43":{"start":{"line":127,"column":29},"end":{"line":127,"column":38}},"44":{"start":{"line":130,"column":30},"end":{"line":130,"column":85}},"45":{"start":{"line":131,"column":6},"end":{"line":131,"column":61}},"46":{"start":{"line":131,"column":38},"end":{"line":131,"column":59}},"47":{"start":{"line":134,"column":28},"end":{"line":134,"column":51}},"48":{"start":{"line":135,"column":4},"end":{"line":135,"column":70}},"49":{"start":{"line":137,"column":4},"end":{"line":137,"column":27}},"50":{"start":{"line":144,"column":4},"end":{"line":144,"column":48}},"51":{"start":{"line":151,"column":31},"end":{"line":151,"column":54}},"52":{"start":{"line":152,"column":27},"end":{"line":152,"column":40}},"53":{"start":{"line":153,"column":29},"end":{"line":153,"column":44}},"54":{"start":{"line":154,"column":25},"end":{"line":154,"column":30}},"55":{"start":{"line":156,"column":26},"end":{"line":159,"column":63}},"56":{"start":{"line":161,"column":4},"end":{"line":164,"column":7}},"57":{"start":{"line":166,"column":4},"end":{"line":166,"column":25}},"58":{"start":{"line":173,"column":4},"end":{"line":175,"column":5}},"59":{"start":{"line":174,"column":6},"end":{"line":174,"column":52}},"60":{"start":{"line":177,"column":4},"end":{"line":177,"column":29}},"61":{"start":{"line":184,"column":26},"end":{"line":187,"column":6}},"62":{"start":{"line":189,"column":4},"end":{"line":191,"column":5}},"63":{"start":{"line":190,"column":6},"end":{"line":190,"column":68}},"64":{"start":{"line":193,"column":17},"end":{"line":193,"column":60}},"65":{"start":{"line":194,"column":4},"end":{"line":196,"column":5}},"66":{"start":{"line":195,"column":6},"end":{"line":195,"column":58}},"67":{"start":{"line":199,"column":30},"end":{"line":199,"column":77}},"68":{"start":{"line":200,"column":36},"end":{"line":202,"column":null}},"69":{"start":{"line":205,"column":4},"end":{"line":207,"column":5}},"70":{"start":{"line":206,"column":6},"end":{"line":206,"column":91}},"71":{"start":{"line":209,"column":4},"end":{"line":209,"column":29}},"72":{"start":{"line":216,"column":22},"end":{"line":219,"column":6}},"73":{"start":{"line":221,"column":26},"end":{"line":221,"column":49}},"74":{"start":{"line":223,"column":4},"end":{"line":232,"column":5}},"75":{"start":{"line":224,"column":6},"end":{"line":224,"column":38}},"76":{"start":{"line":224,"column":29},"end":{"line":224,"column":38}},"77":{"start":{"line":226,"column":6},"end":{"line":226,"column":47}},"78":{"start":{"line":229,"column":6},"end":{"line":231,"column":7}},"79":{"start":{"line":230,"column":8},"end":{"line":230,"column":56}},"80":{"start":{"line":234,"column":4},"end":{"line":234,"column":37}},"81":{"start":{"line":245,"column":4},"end":{"line":247,"column":5}},"82":{"start":{"line":245,"column":38},"end":{"line":245,"column":72}},"83":{"start":{"line":246,"column":6},"end":{"line":246,"column":18}},"84":{"start":{"line":250,"column":4},"end":{"line":252,"column":5}},"85":{"start":{"line":251,"column":6},"end":{"line":251,"column":86}},"86":{"start":{"line":251,"column":43},"end":{"line":251,"column":84}},"87":{"start":{"line":254,"column":4},"end":{"line":254,"column":17}},"88":{"start":{"line":261,"column":30},"end":{"line":261,"column":69}},"89":{"start":{"line":262,"column":28},"end":{"line":262,"column":64}},"90":{"start":{"line":262,"column":57},"end":{"line":262,"column":63}},"91":{"start":{"line":264,"column":4},"end":{"line":266,"column":5}},"92":{"start":{"line":265,"column":6},"end":{"line":265,"column":16}},"93":{"start":{"line":268,"column":25},"end":{"line":270,"column":91}},"94":{"start":{"line":272,"column":4},"end":{"line":274,"column":5}},"95":{"start":{"line":273,"column":6},"end":{"line":273,"column":99}},"96":{"start":{"line":276,"column":4},"end":{"line":276,"column":34}},"97":{"start":{"line":283,"column":18},"end":{"line":285,"column":6}},"98":{"start":{"line":286,"column":4},"end":{"line":286,"column":21}},"99":{"start":{"line":293,"column":22},"end":{"line":296,"column":6}},"100":{"start":{"line":298,"column":4},"end":{"line":300,"column":31}},"101":{"start":{"line":299,"column":20},"end":{"line":299,"column":30}},"102":{"start":{"line":300,"column":17},"end":{"line":300,"column":29}},"103":{"start":{"line":14,"column":13},"end":{"line":14,"column":24}},"104":{"start":{"line":14,"column":13},"end":{"line":302,"column":null}}},"fnMap":{"0":{"name":"(anonymous_4)","decl":{"start":{"line":45,"column":2},"end":{"line":45,"column":null}},"loc":{"start":{"line":58,"column":38},"end":{"line":59,"column":6}}},"1":{"name":"(anonymous_5)","decl":{"start":{"line":64,"column":2},"end":{"line":64,"column":7}},"loc":{"start":{"line":64,"column":40},"end":{"line":99,"column":3}}},"2":{"name":"(anonymous_6)","decl":{"start":{"line":104,"column":10},"end":{"line":104,"column":15}},"loc":{"start":{"line":104,"column":47},"end":{"line":109,"column":3}}},"3":{"name":"(anonymous_7)","decl":{"start":{"line":114,"column":2},"end":{"line":114,"column":7}},"loc":{"start":{"line":114,"column":66},"end":{"line":138,"column":3}}},"4":{"name":"(anonymous_8)","decl":{"start":{"line":131,"column":30},"end":{"line":131,"column":34}},"loc":{"start":{"line":131,"column":38},"end":{"line":131,"column":59}}},"5":{"name":"(anonymous_9)","decl":{"start":{"line":143,"column":10},"end":{"line":143,"column":28}},"loc":{"start":{"line":143,"column":47},"end":{"line":145,"column":3}}},"6":{"name":"(anonymous_10)","decl":{"start":{"line":150,"column":10},"end":{"line":150,"column":25}},"loc":{"start":{"line":150,"column":85},"end":{"line":167,"column":3}}},"7":{"name":"(anonymous_11)","decl":{"start":{"line":172,"column":10},"end":{"line":172,"column":15}},"loc":{"start":{"line":172,"column":58},"end":{"line":178,"column":3}}},"8":{"name":"(anonymous_12)","decl":{"start":{"line":183,"column":10},"end":{"line":183,"column":15}},"loc":{"start":{"line":183,"column":63},"end":{"line":210,"column":3}}},"9":{"name":"(anonymous_13)","decl":{"start":{"line":215,"column":10},"end":{"line":215,"column":15}},"loc":{"start":{"line":215,"column":51},"end":{"line":235,"column":3}}},"10":{"name":"(anonymous_14)","decl":{"start":{"line":240,"column":10},"end":{"line":240,"column":35}},"loc":{"start":{"line":242,"column":38},"end":{"line":255,"column":3}}},"11":{"name":"(anonymous_15)","decl":{"start":{"line":245,"column":31},"end":{"line":245,"column":34}},"loc":{"start":{"line":245,"column":38},"end":{"line":245,"column":72}}},"12":{"name":"(anonymous_16)","decl":{"start":{"line":251,"column":36},"end":{"line":251,"column":39}},"loc":{"start":{"line":251,"column":43},"end":{"line":251,"column":84}}},"13":{"name":"(anonymous_17)","decl":{"start":{"line":260,"column":2},"end":{"line":260,"column":7}},"loc":{"start":{"line":260,"column":68},"end":{"line":277,"column":3}}},"14":{"name":"(anonymous_18)","decl":{"start":{"line":262,"column":50},"end":{"line":262,"column":53}},"loc":{"start":{"line":262,"column":57},"end":{"line":262,"column":63}}},"15":{"name":"(anonymous_19)","decl":{"start":{"line":282,"column":2},"end":{"line":282,"column":7}},"loc":{"start":{"line":282,"column":33},"end":{"line":287,"column":3}}},"16":{"name":"(anonymous_20)","decl":{"start":{"line":292,"column":2},"end":{"line":292,"column":7}},"loc":{"start":{"line":292,"column":35},"end":{"line":301,"column":3}}},"17":{"name":"(anonymous_21)","decl":{"start":{"line":299,"column":14},"end":{"line":299,"column":16}},"loc":{"start":{"line":299,"column":20},"end":{"line":299,"column":30}}},"18":{"name":"(anonymous_22)","decl":{"start":{"line":300,"column":11},"end":{"line":300,"column":13}},"loc":{"start":{"line":300,"column":17},"end":{"line":300,"column":29}}}},"branchMap":{"0":{"loc":{"start":{"line":67,"column":6},"end":{"line":69,"column":7}},"type":"if","locations":[{"start":{"line":67,"column":6},"end":{"line":69,"column":7}}]},"1":{"loc":{"start":{"line":77,"column":6},"end":{"line":80,"column":7}},"type":"if","locations":[{"start":{"line":77,"column":6},"end":{"line":80,"column":7}}]},"2":{"loc":{"start":{"line":83,"column":6},"end":{"line":89,"column":7}},"type":"if","locations":[{"start":{"line":83,"column":6},"end":{"line":89,"column":7}}]},"3":{"loc":{"start":{"line":85,"column":8},"end":{"line":88,"column":9}},"type":"if","locations":[{"start":{"line":85,"column":8},"end":{"line":88,"column":9}}]},"4":{"loc":{"start":{"line":119,"column":12},"end":{"line":119,"column":48}},"type":"binary-expr","locations":[{"start":{"line":119,"column":12},"end":{"line":119,"column":26}},{"start":{"line":119,"column":30},"end":{"line":119,"column":48}}]},"5":{"loc":{"start":{"line":127,"column":6},"end":{"line":127,"column":38}},"type":"if","locations":[{"start":{"line":127,"column":6},"end":{"line":127,"column":38}}]},"6":{"loc":{"start":{"line":144,"column":11},"end":{"line":144,"column":47}},"type":"binary-expr","locations":[{"start":{"line":144,"column":11},"end":{"line":144,"column":41}},{"start":{"line":144,"column":45},"end":{"line":144,"column":47}}]},"7":{"loc":{"start":{"line":156,"column":26},"end":{"line":159,"column":63}},"type":"binary-expr","locations":[{"start":{"line":156,"column":26},"end":{"line":156,"column":70}},{"start":{"line":157,"column":25},"end":{"line":157,"column":65}},{"start":{"line":158,"column":25},"end":{"line":158,"column":67}},{"start":{"line":159,"column":25},"end":{"line":159,"column":63}}]},"8":{"loc":{"start":{"line":173,"column":4},"end":{"line":175,"column":5}},"type":"if","locations":[{"start":{"line":173,"column":4},"end":{"line":175,"column":5}}]},"9":{"loc":{"start":{"line":173,"column":8},"end":{"line":173,"column":67}},"type":"binary-expr","locations":[{"start":{"line":173,"column":8},"end":{"line":173,"column":45}},{"start":{"line":173,"column":49},"end":{"line":173,"column":67}}]},"10":{"loc":{"start":{"line":189,"column":4},"end":{"line":191,"column":5}},"type":"if","locations":[{"start":{"line":189,"column":4},"end":{"line":191,"column":5}}]},"11":{"loc":{"start":{"line":194,"column":4},"end":{"line":196,"column":5}},"type":"if","locations":[{"start":{"line":194,"column":4},"end":{"line":196,"column":5}}]},"12":{"loc":{"start":{"line":205,"column":4},"end":{"line":207,"column":5}},"type":"if","locations":[{"start":{"line":205,"column":4},"end":{"line":207,"column":5}}]},"13":{"loc":{"start":{"line":224,"column":6},"end":{"line":224,"column":38}},"type":"if","locations":[{"start":{"line":224,"column":6},"end":{"line":224,"column":38}}]},"14":{"loc":{"start":{"line":229,"column":6},"end":{"line":231,"column":7}},"type":"if","locations":[{"start":{"line":229,"column":6},"end":{"line":231,"column":7}}]},"15":{"loc":{"start":{"line":245,"column":4},"end":{"line":247,"column":5}},"type":"if","locations":[{"start":{"line":245,"column":4},"end":{"line":247,"column":5}}]},"16":{"loc":{"start":{"line":250,"column":4},"end":{"line":252,"column":5}},"type":"if","locations":[{"start":{"line":250,"column":4},"end":{"line":252,"column":5}}]},"17":{"loc":{"start":{"line":264,"column":4},"end":{"line":266,"column":5}},"type":"if","locations":[{"start":{"line":264,"column":4},"end":{"line":266,"column":5}}]},"18":{"loc":{"start":{"line":272,"column":4},"end":{"line":274,"column":5}},"type":"if","locations":[{"start":{"line":272,"column":4},"end":{"line":274,"column":5}}]}},"s":{"0":1,"1":1,"2":1,"3":1,"4":1,"5":1,"6":1,"7":1,"8":1,"9":1,"10":1,"11":15,"12":15,"13":15,"14":15,"15":15,"16":15,"17":15,"18":15,"19":15,"20":5,"21":5,"22":5,"23":1,"24":4,"25":4,"26":4,"27":2,"28":2,"29":2,"30":1,"31":1,"32":0,"33":0,"34":2,"35":2,"36":0,"37":0,"38":6,"39":7,"40":7,"41":7,"42":7,"43":1,"44":6,"45":6,"46":40,"47":7,"48":7,"49":7,"50":6,"51":4,"52":4,"53":4,"54":4,"55":4,"56":4,"57":4,"58":1,"59":1,"60":0,"61":1,"62":1,"63":0,"64":1,"65":1,"66":0,"67":1,"68":1,"69":1,"70":0,"71":1,"72":4,"73":4,"74":4,"75":3,"76":0,"77":3,"78":3,"79":0,"80":4,"81":1,"82":1,"83":1,"84":0,"85":0,"86":0,"87":0,"88":3,"89":3,"90":2,"91":3,"92":1,"93":2,"94":2,"95":1,"96":2,"97":2,"98":2,"99":1,"100":1,"101":1,"102":1,"103":1,"104":1},"f":{"0":15,"1":5,"2":6,"3":7,"4":40,"5":6,"6":4,"7":1,"8":1,"9":4,"10":1,"11":1,"12":0,"13":3,"14":2,"15":2,"16":1,"17":1,"18":1},"b":{"0":[1],"1":[2],"2":[1],"3":[0],"4":[7,1],"5":[1],"6":[6,0],"7":[4,2,2,2],"8":[1],"9":[1,1],"10":[0],"11":[0],"12":[0],"13":[0],"14":[0],"15":[1],"16":[0],"17":[1],"18":[1]}}
,"/Users/kapoor/Desktop/Projects/VC/veteran-healthcare-rbac/src/auth/strategies/jwt.strategy.ts": {"path":"/Users/kapoor/Desktop/Projects/VC/veteran-healthcare-rbac/src/auth/strategies/jwt.strategy.ts","statementMap":{"0":{"start":{"line":1,"column":0},"end":{"line":1,"column":67}},"1":{"start":{"line":2,"column":0},"end":{"line":2,"column":52}},"2":{"start":{"line":3,"column":0},"end":{"line":3,"column":52}},"3":{"start":{"line":4,"column":0},"end":{"line":4,"column":47}},"4":{"start":{"line":5,"column":0},"end":{"line":5,"column":51}},"5":{"start":{"line":6,"column":0},"end":{"line":6,"column":37}},"6":{"start":{"line":7,"column":0},"end":{"line":7,"column":56}},"7":{"start":{"line":18,"column":7},"end":{"line":50,"column":null}},"8":{"start":{"line":24,"column":4},"end":{"line":28,"column":7}},"9":{"start":{"line":20,"column":12},"end":{"line":20,"column":27}},"10":{"start":{"line":22,"column":12},"end":{"line":22,"column":28}},"11":{"start":{"line":32,"column":17},"end":{"line":35,"column":6}},"12":{"start":{"line":37,"column":4},"end":{"line":39,"column":5}},"13":{"start":{"line":38,"column":6},"end":{"line":38,"column":68}},"14":{"start":{"line":41,"column":4},"end":{"line":48,"column":6}},"15":{"start":{"line":18,"column":13},"end":{"line":18,"column":24}},"16":{"start":{"line":18,"column":13},"end":{"line":50,"column":null}}},"fnMap":{"0":{"name":"(anonymous_4)","decl":{"start":{"line":19,"column":2},"end":{"line":19,"column":null}},"loc":{"start":{"line":22,"column":44},"end":{"line":29,"column":3}}},"1":{"name":"(anonymous_5)","decl":{"start":{"line":31,"column":2},"end":{"line":31,"column":7}},"loc":{"start":{"line":31,"column":36},"end":{"line":49,"column":3}}}},"branchMap":{"0":{"loc":{"start":{"line":37,"column":4},"end":{"line":39,"column":5}},"type":"if","locations":[{"start":{"line":37,"column":4},"end":{"line":39,"column":5}}]}},"s":{"0":0,"1":0,"2":0,"3":0,"4":0,"5":0,"6":0,"7":0,"8":0,"9":0,"10":0,"11":0,"12":0,"13":0,"14":0,"15":0,"16":0},"f":{"0":0,"1":0},"b":{"0":[0]}}
,"/Users/kapoor/Desktop/Projects/VC/veteran-healthcare-rbac/src/common/decorators/api-rbac.decorator.ts": {"path":"/Users/kapoor/Desktop/Projects/VC/veteran-healthcare-rbac/src/common/decorators/api-rbac.decorator.ts","statementMap":{"0":{"start":{"line":4,"column":0},"end":{"line":4,"column":16}},"1":{"start":{"line":1,"column":0},"end":{"line":1,"column":62}},"2":{"start":{"line":2,"column":0},"end":{"line":2,"column":84}},"3":{"start":{"line":13,"column":2},"end":{"line":33,"column":4}}},"fnMap":{"0":{"name":"ApiRbac","decl":{"start":{"line":4,"column":16},"end":{"line":4,"column":23}},"loc":{"start":{"line":11,"column":3},"end":{"line":34,"column":1}}}},"branchMap":{"0":{"loc":{"start":{"line":17,"column":15},"end":{"line":17,"column":61}},"type":"binary-expr","locations":[{"start":{"line":17,"column":15},"end":{"line":17,"column":31}},{"start":{"line":17,"column":35},"end":{"line":17,"column":61}}]},"1":{"loc":{"start":{"line":32,"column":8},"end":{"line":32,"column":55}},"type":"cond-expr","locations":[{"start":{"line":32,"column":24},"end":{"line":32,"column":50}},{"start":{"line":32,"column":53},"end":{"line":32,"column":55}}]}},"s":{"0":0,"1":0,"2":0,"3":0},"f":{"0":0},"b":{"0":[0,0],"1":[0,0]}}
,"/Users/kapoor/Desktop/Projects/VC/veteran-healthcare-rbac/src/common/decorators/current-user.decorator.ts": {"path":"/Users/kapoor/Desktop/Projects/VC/veteran-healthcare-rbac/src/common/decorators/current-user.decorator.ts","statementMap":{"0":{"start":{"line":1,"column":0},"end":{"line":1,"column":72}},"1":{"start":{"line":3,"column":13},"end":{"line":8,"column":2}},"2":{"start":{"line":5,"column":20},"end":{"line":5,"column":51}},"3":{"start":{"line":6,"column":4},"end":{"line":6,"column":24}}},"fnMap":{"0":{"name":"(anonymous_0)","decl":{"start":{"line":4,"column":2},"end":{"line":4,"column":3}},"loc":{"start":{"line":4,"column":43},"end":{"line":7,"column":3}}}},"branchMap":{},"s":{"0":0,"1":0,"2":0,"3":0},"f":{"0":0},"b":{}}
,"/Users/kapoor/Desktop/Projects/VC/veteran-healthcare-rbac/src/common/decorators/public.decorator.ts": {"path":"/Users/kapoor/Desktop/Projects/VC/veteran-healthcare-rbac/src/common/decorators/public.decorator.ts","statementMap":{"0":{"start":{"line":1,"column":0},"end":{"line":1,"column":45}},"1":{"start":{"line":3,"column":13},"end":{"line":3,"column":40}},"2":{"start":{"line":4,"column":22},"end":{"line":4,"column":60}},"3":{"start":{"line":4,"column":28},"end":{"line":4,"column":60}},"4":{"start":{"line":4,"column":13},"end":{"line":4,"column":22}}},"fnMap":{"0":{"name":"(anonymous_0)","decl":{"start":{"line":4,"column":22},"end":{"line":4,"column":25}},"loc":{"start":{"line":4,"column":28},"end":{"line":4,"column":60}}}},"branchMap":{},"s":{"0":1,"1":1,"2":1,"3":2,"4":1},"f":{"0":2},"b":{}}
,"/Users/kapoor/Desktop/Projects/VC/veteran-healthcare-rbac/src/common/decorators/rbac.decorator.ts": {"path":"/Users/kapoor/Desktop/Projects/VC/veteran-healthcare-rbac/src/common/decorators/rbac.decorator.ts","statementMap":{"0":{"start":{"line":1,"column":0},"end":{"line":1,"column":45}},"1":{"start":{"line":3,"column":13},"end":{"line":3,"column":31}},"2":{"start":{"line":11,"column":33},"end":{"line":12,"column":74}},"3":{"start":{"line":12,"column":2},"end":{"line":12,"column":74}},"4":{"start":{"line":11,"column":13},"end":{"line":11,"column":33}}},"fnMap":{"0":{"name":"(anonymous_0)","decl":{"start":{"line":11,"column":33},"end":{"line":11,"column":34}},"loc":{"start":{"line":12,"column":2},"end":{"line":12,"column":74}}}},"branchMap":{"0":{"loc":{"start":{"line":11,"column":68},"end":{"line":11,"column":93}},"type":"default-arg","locations":[{"start":{"line":11,"column":88},"end":{"line":11,"column":93}}]}},"s":{"0":0,"1":0,"2":0,"3":0,"4":0},"f":{"0":0},"b":{"0":[0]}}
,"/Users/kapoor/Desktop/Projects/VC/veteran-healthcare-rbac/src/common/dto/pagination.dto.ts": {"path":"/Users/kapoor/Desktop/Projects/VC/veteran-healthcare-rbac/src/common/dto/pagination.dto.ts","statementMap":{"0":{"start":{"line":1,"column":0},"end":{"line":1,"column":62}},"1":{"start":{"line":2,"column":0},"end":{"line":2,"column":41}},"2":{"start":{"line":3,"column":0},"end":{"line":3,"column":54}},"3":{"start":{"line":17,"column":18},"end":{"line":17,"column":20}},"4":{"start":{"line":28,"column":17},"end":{"line":28,"column":18}},"5":{"start":{"line":31,"column":4},"end":{"line":31,"column":40}},"6":{"start":{"line":5,"column":0},"end":{"line":5,"column":13}},"7":{"start":{"line":17,"column":2},"end":{"line":17,"column":null}},"8":{"start":{"line":13,"column":14},"end":{"line":13,"column":20}},"9":{"start":{"line":28,"column":2},"end":{"line":28,"column":null}},"10":{"start":{"line":25,"column":14},"end":{"line":25,"column":20}}},"fnMap":{"0":{"name":"(anonymous_2)","decl":{"start":{"line":30,"column":2},"end":{"line":30,"column":6}},"loc":{"start":{"line":30,"column":10},"end":{"line":32,"column":3}}},"1":{"name":"(anonymous_3)","decl":{"start":{"line":13,"column":8},"end":{"line":13,"column":11}},"loc":{"start":{"line":13,"column":14},"end":{"line":13,"column":20}}},"2":{"name":"(anonymous_4)","decl":{"start":{"line":25,"column":8},"end":{"line":25,"column":11}},"loc":{"start":{"line":25,"column":14},"end":{"line":25,"column":20}}}},"branchMap":{},"s":{"0":0,"1":0,"2":0,"3":0,"4":0,"5":0,"6":0,"7":0,"8":0,"9":0,"10":0},"f":{"0":0,"1":0,"2":0},"b":{}}
,"/Users/kapoor/Desktop/Projects/VC/veteran-healthcare-rbac/src/common/filters/global-exception.filter.ts": {"path":"/Users/kapoor/Desktop/Projects/VC/veteran-healthcare-rbac/src/common/filters/global-exception.filter.ts","statementMap":{"0":{"start":{"line":1,"column":0},"end":{"line":1,"column":null}},"1":{"start":{"line":12,"column":34},"end":{"line":55,"column":null}},"2":{"start":{"line":13,"column":28},"end":{"line":13,"column":66}},"3":{"start":{"line":16,"column":16},"end":{"line":16,"column":35}},"4":{"start":{"line":17,"column":21},"end":{"line":17,"column":48}},"5":{"start":{"line":18,"column":20},"end":{"line":18,"column":45}},"6":{"start":{"line":20,"column":17},"end":{"line":20,"column":49}},"7":{"start":{"line":21,"column":18},"end":{"line":21,"column":41}},"8":{"start":{"line":22,"column":22},"end":{"line":22,"column":26}},"9":{"start":{"line":24,"column":4},"end":{"line":34,"column":5}},"10":{"start":{"line":25,"column":6},"end":{"line":25,"column":37}},"11":{"start":{"line":26,"column":32},"end":{"line":26,"column":55}},"12":{"start":{"line":28,"column":6},"end":{"line":33,"column":7}},"13":{"start":{"line":29,"column":8},"end":{"line":29,"column":74}},"14":{"start":{"line":30,"column":8},"end":{"line":30,"column":59}},"15":{"start":{"line":32,"column":8},"end":{"line":32,"column":46}},"16":{"start":{"line":37,"column":4},"end":{"line":40,"column":6}},"17":{"start":{"line":43,"column":26},"end":{"line":43,"column":64}},"18":{"start":{"line":45,"column":4},"end":{"line":53,"column":7}},"19":{"start":{"line":12,"column":13},"end":{"line":12,"column":34}},"20":{"start":{"line":12,"column":13},"end":{"line":55,"column":null}}},"fnMap":{"0":{"name":"(anonymous_1)","decl":{"start":{"line":15,"column":2},"end":{"line":15,"column":7}},"loc":{"start":{"line":15,"column":47},"end":{"line":54,"column":3}}}},"branchMap":{"0":{"loc":{"start":{"line":24,"column":4},"end":{"line":34,"column":5}},"type":"if","locations":[{"start":{"line":24,"column":4},"end":{"line":34,"column":5}}]},"1":{"loc":{"start":{"line":28,"column":6},"end":{"line":33,"column":7}},"type":"if","locations":[{"start":{"line":28,"column":6},"end":{"line":33,"column":7}},{"start":{"line":31,"column":13},"end":{"line":33,"column":7}}]},"2":{"loc":{"start":{"line":28,"column":10},"end":{"line":28,"column":77}},"type":"binary-expr","locations":[{"start":{"line":28,"column":10},"end":{"line":28,"column":47}},{"start":{"line":28,"column":51},"end":{"line":28,"column":77}}]},"3":{"loc":{"start":{"line":29,"column":19},"end":{"line":29,"column":73}},"type":"binary-expr","locations":[{"start":{"line":29,"column":19},"end":{"line":29,"column":52}},{"start":{"line":29,"column":56},"end":{"line":29,"column":73}}]},"4":{"loc":{"start":{"line":30,"column":18},"end":{"line":30,"column":58}},"type":"binary-expr","locations":[{"start":{"line":30,"column":18},"end":{"line":30,"column":50}},{"start":{"line":30,"column":54},"end":{"line":30,"column":58}}]},"5":{"loc":{"start":{"line":39,"column":6},"end":{"line":39,"column":62}},"type":"cond-expr","locations":[{"start":{"line":39,"column":35},"end":{"line":39,"column":50}},{"start":{"line":39,"column":53},"end":{"line":39,"column":62}}]},"6":{"loc":{"start":{"line":48,"column":10},"end":{"line":48,"column":30}},"type":"binary-expr","locations":[{"start":{"line":48,"column":10},"end":{"line":48,"column":16}},{"start":{"line":48,"column":20},"end":{"line":48,"column":30}}]},"7":{"loc":{"start":{"line":52,"column":10},"end":{"line":52,"column":83}},"type":"binary-expr","locations":[{"start":{"line":52,"column":10},"end":{"line":52,"column":23}},{"start":{"line":52,"column":27},"end":{"line":52,"column":53}},{"start":{"line":52,"column":57},"end":{"line":52,"column":83}}]}},"s":{"0":0,"1":0,"2":0,"3":0,"4":0,"5":0,"6":0,"7":0,"8":0,"9":0,"10":0,"11":0,"12":0,"13":0,"14":0,"15":0,"16":0,"17":0,"18":0,"19":0,"20":0},"f":{"0":0},"b":{"0":[0],"1":[0,0],"2":[0,0],"3":[0,0],"4":[0,0],"5":[0,0],"6":[0,0],"7":[0,0,0]}}
,"/Users/kapoor/Desktop/Projects/VC/veteran-healthcare-rbac/src/common/guards/jwt-auth.guard.ts": {"path":"/Users/kapoor/Desktop/Projects/VC/veteran-healthcare-rbac/src/common/guards/jwt-auth.guard.ts","statementMap":{"0":{"start":{"line":1,"column":0},"end":{"line":1,"column":null}},"1":{"start":{"line":7,"column":0},"end":{"line":7,"column":45}},"2":{"start":{"line":8,"column":0},"end":{"line":8,"column":41}},"3":{"start":{"line":9,"column":0},"end":{"line":9,"column":63}},"4":{"start":{"line":12,"column":25},"end":{"line":135,"column":null}},"5":{"start":{"line":13,"column":28},"end":{"line":13,"column":57}},"6":{"start":{"line":19,"column":4},"end":{"line":19,"column":12}},"7":{"start":{"line":16,"column":12},"end":{"line":16,"column":23}},"8":{"start":{"line":17,"column":12},"end":{"line":17,"column":25}},"9":{"start":{"line":24,"column":21},"end":{"line":27,"column":6}},"10":{"start":{"line":29,"column":4},"end":{"line":31,"column":5}},"11":{"start":{"line":30,"column":6},"end":{"line":30,"column":18}},"12":{"start":{"line":34,"column":28},"end":{"line":34,"column":60}},"13":{"start":{"line":35,"column":4},"end":{"line":37,"column":5}},"14":{"start":{"line":36,"column":6},"end":{"line":36,"column":19}},"15":{"start":{"line":39,"column":20},"end":{"line":39,"column":55}},"16":{"start":{"line":40,"column":17},"end":{"line":40,"column":29}},"17":{"start":{"line":43,"column":4},"end":{"line":45,"column":5}},"18":{"start":{"line":44,"column":6},"end":{"line":44,"column":18}},"19":{"start":{"line":48,"column":21},"end":{"line":48,"column":63}},"20":{"start":{"line":49,"column":4},"end":{"line":52,"column":5}},"21":{"start":{"line":50,"column":6},"end":{"line":50,"column":67}},"22":{"start":{"line":51,"column":6},"end":{"line":51,"column":19}},"23":{"start":{"line":55,"column":19},"end":{"line":55,"column":57}},"24":{"start":{"line":56,"column":21},"end":{"line":56,"column":85}},"25":{"start":{"line":59,"column":25},"end":{"line":64,"column":6}},"26":{"start":{"line":66,"column":4},"end":{"line":69,"column":5}},"27":{"start":{"line":67,"column":6},"end":{"line":67,"column":87}},"28":{"start":{"line":68,"column":6},"end":{"line":68,"column":19}},"29":{"start":{"line":71,"column":4},"end":{"line":71,"column":16}},"30":{"start":{"line":78,"column":24},"end":{"line":83,"column":6}},"31":{"start":{"line":85,"column":4},"end":{"line":85,"column":74}},"32":{"start":{"line":85,"column":36},"end":{"line":85,"column":72}},"33":{"start":{"line":93,"column":21},"end":{"line":96,"column":61}},"34":{"start":{"line":96,"column":25},"end":{"line":96,"column":60}},"35":{"start":{"line":99,"column":21},"end":{"line":99,"column":45}},"36":{"start":{"line":102,"column":48},"end":{"line":109,"column":6}},"37":{"start":{"line":111,"column":4},"end":{"line":111,"column":45}},"38":{"start":{"line":118,"column":46},"end":{"line":124,"column":6}},"39":{"start":{"line":126,"column":4},"end":{"line":126,"column":54}},"40":{"start":{"line":130,"column":4},"end":{"line":132,"column":5}},"41":{"start":{"line":131,"column":6},"end":{"line":131,"column":73}},"42":{"start":{"line":133,"column":4},"end":{"line":133,"column":16}},"43":{"start":{"line":12,"column":13},"end":{"line":12,"column":25}},"44":{"start":{"line":12,"column":13},"end":{"line":135,"column":null}}},"fnMap":{"0":{"name":"(anonymous_2)","decl":{"start":{"line":15,"column":2},"end":{"line":15,"column":null}},"loc":{"start":{"line":17,"column":36},"end":{"line":20,"column":3}}},"1":{"name":"(anonymous_3)","decl":{"start":{"line":22,"column":2},"end":{"line":22,"column":7}},"loc":{"start":{"line":22,"column":45},"end":{"line":72,"column":3}}},"2":{"name":"(anonymous_4)","decl":{"start":{"line":77,"column":10},"end":{"line":77,"column":26}},"loc":{"start":{"line":77,"column":38},"end":{"line":86,"column":3}}},"3":{"name":"(anonymous_5)","decl":{"start":{"line":85,"column":28},"end":{"line":85,"column":32}},"loc":{"start":{"line":85,"column":36},"end":{"line":85,"column":72}}},"4":{"name":"(anonymous_6)","decl":{"start":{"line":91,"column":10},"end":{"line":91,"column":33}},"loc":{"start":{"line":91,"column":46},"end":{"line":112,"column":3}}},"5":{"name":"(anonymous_7)","decl":{"start":{"line":96,"column":14},"end":{"line":96,"column":21}},"loc":{"start":{"line":96,"column":25},"end":{"line":96,"column":60}}},"6":{"name":"(anonymous_8)","decl":{"start":{"line":117,"column":10},"end":{"line":117,"column":27}},"loc":{"start":{"line":117,"column":42},"end":{"line":127,"column":3}}},"7":{"name":"(anonymous_9)","decl":{"start":{"line":129,"column":2},"end":{"line":129,"column":15}},"loc":{"start":{"line":129,"column":73},"end":{"line":134,"column":3}}}},"branchMap":{"0":{"loc":{"start":{"line":29,"column":4},"end":{"line":31,"column":5}},"type":"if","locations":[{"start":{"line":29,"column":4},"end":{"line":31,"column":5}}]},"1":{"loc":{"start":{"line":35,"column":4},"end":{"line":37,"column":5}},"type":"if","locations":[{"start":{"line":35,"column":4},"end":{"line":37,"column":5}}]},"2":{"loc":{"start":{"line":43,"column":4},"end":{"line":45,"column":5}},"type":"if","locations":[{"start":{"line":43,"column":4},"end":{"line":45,"column":5}}]},"3":{"loc":{"start":{"line":49,"column":4},"end":{"line":52,"column":5}},"type":"if","locations":[{"start":{"line":49,"column":4},"end":{"line":52,"column":5}}]},"4":{"loc":{"start":{"line":56,"column":50},"end":{"line":56,"column":84}},"type":"binary-expr","locations":[{"start":{"line":56,"column":50},"end":{"line":56,"column":69}},{"start":{"line":56,"column":73},"end":{"line":56,"column":84}}]},"5":{"loc":{"start":{"line":66,"column":4},"end":{"line":69,"column":5}},"type":"if","locations":[{"start":{"line":66,"column":4},"end":{"line":69,"column":5}}]},"6":{"loc":{"start":{"line":85,"column":36},"end":{"line":85,"column":72}},"type":"binary-expr","locations":[{"start":{"line":85,"column":36},"end":{"line":85,"column":48}},{"start":{"line":85,"column":52},"end":{"line":85,"column":72}}]},"7":{"loc":{"start":{"line":96,"column":25},"end":{"line":96,"column":60}},"type":"binary-expr","locations":[{"start":{"line":96,"column":25},"end":{"line":96,"column":32}},{"start":{"line":96,"column":36},"end":{"line":96,"column":60}}]},"8":{"loc":{"start":{"line":99,"column":21},"end":{"line":99,"column":45}},"type":"binary-expr","locations":[{"start":{"line":99,"column":21},"end":{"line":99,"column":32}},{"start":{"line":99,"column":36},"end":{"line":99,"column":45}}]},"9":{"loc":{"start":{"line":111,"column":11},"end":{"line":111,"column":44}},"type":"binary-expr","locations":[{"start":{"line":111,"column":11},"end":{"line":111,"column":32}},{"start":{"line":111,"column":36},"end":{"line":111,"column":44}}]},"10":{"loc":{"start":{"line":126,"column":11},"end":{"line":126,"column":53}},"type":"binary-expr","locations":[{"start":{"line":126,"column":11},"end":{"line":126,"column":43}},{"start":{"line":126,"column":47},"end":{"line":126,"column":53}}]},"11":{"loc":{"start":{"line":130,"column":4},"end":{"line":132,"column":5}},"type":"if","locations":[{"start":{"line":130,"column":4},"end":{"line":132,"column":5}}]},"12":{"loc":{"start":{"line":130,"column":8},"end":{"line":130,"column":20}},"type":"binary-expr","locations":[{"start":{"line":130,"column":8},"end":{"line":130,"column":11}},{"start":{"line":130,"column":15},"end":{"line":130,"column":20}}]},"13":{"loc":{"start":{"line":131,"column":12},"end":{"line":131,"column":72}},"type":"binary-expr","locations":[{"start":{"line":131,"column":12},"end":{"line":131,"column":15}},{"start":{"line":131,"column":19},"end":{"line":131,"column":72}}]}},"s":{"0":0,"1":0,"2":0,"3":0,"4":0,"5":0,"6":0,"7":0,"8":0,"9":0,"10":0,"11":0,"12":0,"13":0,"14":0,"15":0,"16":0,"17":0,"18":0,"19":0,"20":0,"21":0,"22":0,"23":0,"24":0,"25":0,"26":0,"27":0,"28":0,"29":0,"30":0,"31":0,"32":0,"33":0,"34":0,"35":0,"36":0,"37":0,"38":0,"39":0,"40":0,"41":0,"42":0,"43":0,"44":0},"f":{"0":0,"1":0,"2":0,"3":0,"4":0,"5":0,"6":0,"7":0},"b":{"0":[0],"1":[0],"2":[0],"3":[0],"4":[0,0],"5":[0],"6":[0,0],"7":[0,0],"8":[0,0],"9":[0,0],"10":[0,0],"11":[0],"12":[0,0],"13":[0,0]}}
,"/Users/kapoor/Desktop/Projects/VC/veteran-healthcare-rbac/src/common/guards/rbac.guard.ts": {"path":"/Users/kapoor/Desktop/Projects/VC/veteran-healthcare-rbac/src/common/guards/rbac.guard.ts","statementMap":{"0":{"start":{"line":1,"column":0},"end":{"line":1,"column":null}},"1":{"start":{"line":8,"column":0},"end":{"line":8,"column":41}},"2":{"start":{"line":9,"column":0},"end":{"line":9,"column":63}},"3":{"start":{"line":10,"column":0},"end":{"line":10,"column":73}},"4":{"start":{"line":14,"column":22},"end":{"line":67,"column":null}},"5":{"start":{"line":15,"column":28},"end":{"line":15,"column":54}},"6":{"start":{"line":18,"column":12},"end":{"line":18,"column":25}},"7":{"start":{"line":19,"column":12},"end":{"line":19,"column":23}},"8":{"start":{"line":23,"column":28},"end":{"line":25,"column":null}},"9":{"start":{"line":28,"column":4},"end":{"line":30,"column":5}},"10":{"start":{"line":29,"column":6},"end":{"line":29,"column":18}},"11":{"start":{"line":32,"column":20},"end":{"line":32,"column":55}},"12":{"start":{"line":33,"column":17},"end":{"line":33,"column":29}},"13":{"start":{"line":35,"column":4},"end":{"line":38,"column":5}},"14":{"start":{"line":36,"column":6},"end":{"line":36,"column":51}},"15":{"start":{"line":37,"column":6},"end":{"line":37,"column":19}},"16":{"start":{"line":40,"column":23},"end":{"line":40,"column":59}},"17":{"start":{"line":41,"column":27},"end":{"line":41,"column":87}},"18":{"start":{"line":43,"column":41},"end":{"line":49,"column":6}},"19":{"start":{"line":51,"column":4},"end":{"line":65,"column":5}},"20":{"start":{"line":52,"column":27},"end":{"line":52,"column":74}},"21":{"start":{"line":54,"column":6},"end":{"line":59,"column":7}},"22":{"start":{"line":55,"column":8},"end":{"line":57,"column":10}},"23":{"start":{"line":58,"column":8},"end":{"line":58,"column":77}},"24":{"start":{"line":61,"column":6},"end":{"line":61,"column":18}},"25":{"start":{"line":63,"column":6},"end":{"line":63,"column":54}},"26":{"start":{"line":64,"column":6},"end":{"line":64,"column":52}},"27":{"start":{"line":14,"column":13},"end":{"line":14,"column":22}},"28":{"start":{"line":14,"column":13},"end":{"line":67,"column":null}}},"fnMap":{"0":{"name":"(anonymous_2)","decl":{"start":{"line":17,"column":2},"end":{"line":17,"column":null}},"loc":{"start":{"line":19,"column":32},"end":{"line":20,"column":6}}},"1":{"name":"(anonymous_3)","decl":{"start":{"line":22,"column":2},"end":{"line":22,"column":7}},"loc":{"start":{"line":22,"column":45},"end":{"line":66,"column":3}}}},"branchMap":{"0":{"loc":{"start":{"line":28,"column":4},"end":{"line":30,"column":5}},"type":"if","locations":[{"start":{"line":28,"column":4},"end":{"line":30,"column":5}}]},"1":{"loc":{"start":{"line":35,"column":4},"end":{"line":38,"column":5}},"type":"if","locations":[{"start":{"line":35,"column":4},"end":{"line":38,"column":5}}]},"2":{"loc":{"start":{"line":40,"column":23},"end":{"line":40,"column":59}},"type":"binary-expr","locations":[{"start":{"line":40,"column":23},"end":{"line":40,"column":40}},{"start":{"line":40,"column":44},"end":{"line":40,"column":59}}]},"3":{"loc":{"start":{"line":41,"column":27},"end":{"line":41,"column":87}},"type":"binary-expr","locations":[{"start":{"line":41,"column":27},"end":{"line":41,"column":56}},{"start":{"line":41,"column":60},"end":{"line":41,"column":87}}]},"4":{"loc":{"start":{"line":45,"column":22},"end":{"line":45,"column":59}},"type":"binary-expr","locations":[{"start":{"line":45,"column":22},"end":{"line":45,"column":36}},{"start":{"line":45,"column":40},"end":{"line":45,"column":59}}]},"5":{"loc":{"start":{"line":54,"column":6},"end":{"line":59,"column":7}},"type":"if","locations":[{"start":{"line":54,"column":6},"end":{"line":59,"column":7}}]},"6":{"loc":{"start":{"line":58,"column":37},"end":{"line":58,"column":75}},"type":"binary-expr","locations":[{"start":{"line":58,"column":37},"end":{"line":58,"column":56}},{"start":{"line":58,"column":60},"end":{"line":58,"column":75}}]}},"s":{"0":0,"1":0,"2":0,"3":0,"4":0,"5":0,"6":0,"7":0,"8":0,"9":0,"10":0,"11":0,"12":0,"13":0,"14":0,"15":0,"16":0,"17":0,"18":0,"19":0,"20":0,"21":0,"22":0,"23":0,"24":0,"25":0,"26":0,"27":0,"28":0},"f":{"0":0,"1":0},"b":{"0":[0],"1":[0],"2":[0,0],"3":[0,0],"4":[0,0],"5":[0],"6":[0,0]}}
,"/Users/kapoor/Desktop/Projects/VC/veteran-healthcare-rbac/src/common/interceptors/logging.interceptor.ts": {"path":"/Users/kapoor/Desktop/Projects/VC/veteran-healthcare-rbac/src/common/interceptors/logging.interceptor.ts","statementMap":{"0":{"start":{"line":1,"column":0},"end":{"line":1,"column":null}},"1":{"start":{"line":9,"column":0},"end":{"line":9,"column":37}},"2":{"start":{"line":12,"column":31},"end":{"line":52,"column":null}},"3":{"start":{"line":13,"column":28},"end":{"line":13,"column":63}},"4":{"start":{"line":16,"column":20},"end":{"line":16,"column":55}},"5":{"start":{"line":17,"column":43},"end":{"line":17,"column":50}},"6":{"start":{"line":18,"column":22},"end":{"line":18,"column":43}},"7":{"start":{"line":19,"column":15},"end":{"line":19,"column":77}},"8":{"start":{"line":21,"column":18},"end":{"line":21,"column":28}},"9":{"start":{"line":24,"column":4},"end":{"line":24,"column":63}},"10":{"start":{"line":27,"column":4},"end":{"line":30,"column":5}},"11":{"start":{"line":28,"column":28},"end":{"line":28,"column":58}},"12":{"start":{"line":29,"column":6},"end":{"line":29,"column":74}},"13":{"start":{"line":32,"column":4},"end":{"line":37,"column":6}},"14":{"start":{"line":34,"column":25},"end":{"line":34,"column":43}},"15":{"start":{"line":35,"column":8},"end":{"line":35,"column":60}},"16":{"start":{"line":41,"column":28},"end":{"line":41,"column":59}},"17":{"start":{"line":42,"column":22},"end":{"line":42,"column":33}},"18":{"start":{"line":44,"column":4},"end":{"line":48,"column":5}},"19":{"start":{"line":45,"column":6},"end":{"line":47,"column":7}},"20":{"start":{"line":46,"column":8},"end":{"line":46,"column":33}},"21":{"start":{"line":50,"column":4},"end":{"line":50,"column":21}},"22":{"start":{"line":12,"column":13},"end":{"line":12,"column":31}},"23":{"start":{"line":12,"column":13},"end":{"line":52,"column":null}}},"fnMap":{"0":{"name":"(anonymous_1)","decl":{"start":{"line":15,"column":2},"end":{"line":15,"column":11}},"loc":{"start":{"line":15,"column":56}
[...]
,"/Users/kapoor/Desktop/Projects/VC/veteran-healthcare-rbac/src/resources/services/patient-records.service.ts": {"path":"/Users/kapoor/Desktop/Projects/VC/veteran-healthcare-rbac/src/resources/services/patient-records.service.ts","statementMap":{"0":{"start":{"line":1,"column":0},"end":{"line":1,"column":83}},"1":{"start":{"line":2,"column":0},"end":{"line":2,"column":51}},"2":{"start":{"line":3,"column":0},"end":{"line":3,"column":37}},"3":{"start":{"line":4,"column":0},"end":{"line":4,"column":66}},"4":{"start":{"line":7,"column":0},"end":{"line":7,"column":63}},"5":{"start":{"line":8,"column":0},"end":{"line":8,"column":66}},"6":{"start":{"line":11,"column":7},"end":{"line":92,"column":null}},"7":{"start":{"line":14,"column":12},"end":{"line":14,"column":37}},"8":{"start":{"line":15,"column":12},"end":{"line":15,"column":25}},"9":{"start":{"line":16,"column":12},"end":{"line":16,"column":26}},"10":{"start":{"line":23,"column":26},"end":{"line":27,"column":6}},"11":{"start":{"line":29,"column":24},"end":{"line":29,"column":78}},"12":{"start":{"line":31,"column":4},"end":{"line":36,"column":6}},"13":{"start":{"line":38,"column":4},"end":{"line":38,"column":23}},"14":{"start":{"line":42,"column":4},"end":{"line":42,"column":73}},"15":{"start":{"line":46,"column":26},"end":{"line":49,"column":6}},"16":{"start":{"line":51,"column":4},"end":{"line":53,"column":5}},"17":{"start":{"line":52,"column":6},"end":{"line":52,"column":62}},"18":{"start":{"line":55,"column":4},"end":{"line":55,"column":25}},"19":{"start":{"line":63,"column":26},"end":{"line":63,"column":56}},"20":{"start":{"line":65,"column":4},"end":{"line":65,"column":57}},"21":{"start":{"line":66,"column":4},"end":{"line":66,"column":44}},"22":{"start":{"line":68,"column":26},"end":{"line":68,"column":80}},"23":{"start":{"line":70,"column":4},"end":{"line":75,"column":6}},"24":{"start":{"line":77,"column":4},"end":{"line":77,"column":25}},"25":{"start":{"line":81,"column":26},"end":{"line":81,"column":56}},"26":{"start":{"line":83,"column":4},"end":{"line":83,"column":61}},"27":{"start":{"line":85,"column":4},"end":{"line":90,"column":6}},"28":{"start":{"line":11,"column":13},"end":{"line":11,"column":34}},"29":{"start":{"line":11,"column":13},"end":{"line":92,"column":null}}},"fnMap":{"0":{"name":"(anonymous_4)","decl":{"start":{"line":12,"column":2},"end":{"line":12,"column":null}},"loc":{"start":{"line":16,"column":38},"end":{"line":17,"column":6}}},"1":{"name":"(anonymous_5)","decl":{"start":{"line":19,"column":2},"end":{"line":19,"column":7}},"loc":{"start":{"line":21,"column":18},"end":{"line":39,"column":3}}},"2":{"name":"(anonymous_6)","decl":{"start":{"line":41,"column":2},"end":{"line":41,"column":7}},"loc":{"start":{"line":41,"column":55},"end":{"line":43,"column":3}}},"3":{"name":"(anonymous_7)","decl":{"start":{"line":45,"column":2},"end":{"line":45,"column":7}},"loc":{"start":{"line":45,"column":42},"end":{"line":56,"column":3}}},"4":{"name":"(anonymous_8)","decl":{"start":{"line":58,"column":2},"end":{"line":58,"column":7}},"loc":{"start":{"line":61,"column":18},"end":{"line":78,"column":3}}},"5":{"name":"(anonymous_9)","decl":{"start":{"line":80,"column":2},"end":{"line":80,"column":7}},"loc":{"start":{"line":80,"column":41},"end":{"line":91,"column":3}}}},"branchMap":{"0":{"loc":{"start":{"line":51,"column":4},"end":{"line":53,"column":5}},"type":"if","locations":[{"start":{"line":51,"column":4},"end":{"line":53,"column":5}}]}},"s":{"0":0,"1":0,"2":0,"3":0,"4":0,"5":0,"6":0,"7":0,"8":0,"9":0,"10":0,"11":0,"12":0,"13":0,"14":0,"15":0,"16":0,"17":0,"18":0,"19":0,"20":0,"21":0,"22":0,"23":0,"24":0,"25":0,"26":0,"27":0,"28":0,"29":0},"f":{"0":0,"1":0,"2":0,"3":0,"4":0,"5":0},"b":{"0":[0]}}
,"/Users/kapoor/Desktop/Projects/VC/veteran-healthcare-rbac/src/users/users.module.ts": {"path":"/Users/kapoor/Desktop/Projects/VC/veteran-healthcare-rbac/src/users/users.module.ts","statementMap":{"0":{"start":{"line":1,"column":0},"end":{"line":1,"column":40}},"1":{"start":{"line":2,"column":0},"end":{"line":2,"column":48}},"2":{"start":{"line":3,"column":0},"end":{"line":3,"column":46}},"3":{"start":{"line":4,"column":0},"end":{"line":4,"column":55}},"4":{"start":{"line":5,"column":0},"end":{"line":5,"column":56}},"5":{"start":{"line":6,"column":0},"end":{"line":6,"column":65}},"6":{"start":{"line":7,"column":0},"end":{"line":7,"column":49}},"7":{"start":{"line":8,"column":0},"end":{"line":8,"column":52}},"8":{"start":{"line":20,"column":7},"end":{"line":20,"column":null}},"9":{"start":{"line":20,"column":13},"end":{"line":20,"column":24}},"10":{"start":{"line":20,"column":13},"end":{"line":20,"column":null}}},"fnMap":{},"branchMap":{},"s":{"0":0,"1":0,"2":0,"3":0,"4":0,"5":0,"6":0,"7":0,"8":0,"9":0,"10":0},"f":{},"b":{}}
,"/Users/kapoor/Desktop/Projects/VC/veteran-healthcare-rbac/src/users/controllers/users.controller.ts": {"path":"/Users/kapoor/Desktop/Projects/VC/veteran-healthcare-rbac/src/users/controllers/users.controller.ts","statementMap":{"0":{"start":{"line":1,"column":0},"end":{"line":1,"column":null}},"1":{"start":{"line":10,"column":0},"end":{"line":10,"column":84}},"2":{"start":{"line":11,"column":0},"end":{"line":11,"column":57}},"3":{"start":{"line":12,"column":0},"end":{"line":12,"column":66}},"4":{"start":{"line":13,"column":0},"end":{"line":13,"column":59}},"5":{"start":{"line":14,"column":0},"end":{"line":14,"column":75}},"6":{"start":{"line":20,"column":7},"end":{"line":69,"column":null}},"7":{"start":{"line":21,"column":31},"end":{"line":21,"column":45}},"8":{"start":{"line":29,"column":4},"end":{"line":29,"column":39}},"9":{"start":{"line":38,"column":4},"end":{"line":38,"column":41}},"10":{"start":{"line":46,"column":4},"end":{"line":46,"column":46}},"11":{"start":{"line":58,"column":4},"end":{"line":58,"column":82}},"12":{"start":{"line":67,"column":4},"end":{"line":67,"column":48}},"13":{"start":{"line":20,"column":13},"end":{"line":20,"column":28}},"14":{"start":{"line":28,"column":8},"end":{"line":30,"column":null}},"15":{"start":{"line":37,"column":8},"end":{"line":39,"column":null}},"16":{"start":{"line":45,"column":8},"end":{"line":47,"column":null}},"17":{"start":{"line":54,"column":8},"end":{"line":59,"column":null}},"18":{"start":{"line":66,"column":8},"end":{"line":68,"column":null}},"19":{"start":{"line":20,"column":13},"end":{"line":69,"column":null}}},"fnMap":{"0":{"name":"(anonymous_4)","decl":{"start":{"line":21,"column":2},"end":{"line":21,"column":31}},"loc":{"start":{"line":21,"column":57},"end":{"line":21,"column":61}}},"1":{"name":"(anonymous_5)","decl":{"start":{"line":28,"column":2},"end":{"line":28,"column":7}},"loc":{"start":{"line":28,"column":15},"end":{"line":30,"column":3}}},"2":{"name":"(anonymous_6)","decl":{"start":{"line":37,"column":2},"end":{"line":37,"column":7}},"loc":{"start":{"line":37,"column":39},"end":{"line":39,"column":3}}},"3":{"name":"(anonymous_7)","decl":{"start":{"line":45,"column":2},"end":{"line":45,"column":7}},"loc":{"start":{"line":45,"column":44},"end":{"line":47,"column":3}}},"4":{"name":"(anonymous_8)","decl":{"start":{"line":54,"column":2},"end":{"line":54,"column":7}},"loc":{"start":{"line":56,"column":60},"end":{"line":59,"column":3}}},"5":{"name":"(anonymous_9)","decl":{"start":{"line":66,"column":2},"end":{"line":66,"column":7}},"loc":{"start":{"line":66,"column":50},"end":{"line":68,"column":3}}}},"branchMap":{},"s":{"0":0,"1":0,"2":0,"3":0,"4":0,"5":0,"6":0,"7":0,"8":0,"9":0,"10":0,"11":0,"12":0,"13":0,"14":0,"15":0,"16":0,"17":0,"18":0,"19":0},"f":{"0":0,"1":0,"2":0,"3":0,"4":0,"5":0},"b":{}}
,"/Users/kapoor/Desktop/Projects/VC/veteran-healthcare-rbac/src/users/entities/user-role.entity.ts": {"path":"/Users/kapoor/Desktop/Projects/VC/veteran-healthcare-rbac/src/users/entities/user-role.entity.ts","statementMap":{"0":{"start":{"line":1,"column":0},"end":{"line":1,"column":null}},"1":{"start":{"line":11,"column":0},"end":{"line":11,"column":37}},"2":{"start":{"line":12,"column":0},"end":{"line":12,"column":62}},"3":{"start":{"line":13,"column":0},"end":{"line":13,"column":80}},"4":{"start":{"line":17,"column":7},"end":{"line":60,"column":null}},"5":{"start":{"line":56,"column":4},"end":{"line":56,"column":37}},"6":{"start":{"line":56,"column":24},"end":{"line":56,"column":37}},"7":{"start":{"line":57,"column":4},"end":{"line":57,"column":68}},"8":{"start":{"line":57,"column":55},"end":{"line":57,"column":68}},"9":{"start":{"line":58,"column":4},"end":{"line":58,"column":16}},"10":{"start":{"line":17,"column":13},"end":{"line":17,"column":21}},"11":{"start":{"line":19,"column":2},"end":{"line":19,"column":null}},"12":{"start":{"line":22,"column":2},"end":{"line":22,"column":null}},"13":{"start":{"line":25,"column":2},"end":{"line":25,"column":null}},"14":{"start":{"line":28,"column":2},"end":{"line":28,"column":null}},"15":{"start":{"line":32,"column":2},"end":{"line":32,"column":null}},"16":{"start":{"line":30,"column":19},"end":{"line":30,"column":23}},"17":{"start":{"line":30,"column":35},"end":{"line":30,"column":49}},"18":{"start":{"line":36,"column":2},"end":{"line":36,"column":null}},"19":{"start":{"line":34,"column":19},"end":{"line":34,"column":23}},"20":{"start":{"line":34,"column":35},"end":{"line":34,"column":49}},"21":{"start":{"line":40,"column":2},"end":{"line":40,"column":null}},"22":{"start":{"line":38,"column":19},"end":{"line":38,"column":31}},"23":{"start":{"line":43,"column":2},"end":{"line":43,"column":null}},"24":{"start":{"line":46,"column":2},"end":{"line":46,"column":null}},"25":{"start":{"line":49,"column":2},"end":{"line":49,"column":null}},"26":{"start":{"line":52,"column":2},"end":{"line":52,"column":null}},"27":{"start":{"line":17,"column":13},"end":{"line":60,"column":null}}},"fnMap":{"0":{"name":"(anonymous_2)","decl":{"start":{"line":55,"column":2},"end":{"line":55,"column":6}},"loc":{"start":{"line":55,"column":13},"end":{"line":59,"column":3}}},"1":{"name":"(anonymous_3)","decl":{"start":{"line":30,"column":13},"end":{"line":30,"column":16}},"loc":{"start":{"line":30,"column":19},"end":{"line":30,"column":23}}},"2":{"name":"(anonymous_4)","decl":{"start":{"line":30,"column":25},"end":{"line":30,"column":26}},"loc":{"start":{"line":30,"column":35},"end":{"line":30,"column":49}}},"3":{"name":"(anonymous_5)","decl":{"start":{"line":34,"column":13},"end":{"line":34,"column":16}},"loc":{"start":{"line":34,"column":19},"end":{"line":34,"column":23}}},"4":{"name":"(anonymous_6)","decl":{"start":{"line":34,"column":25},"end":{"line":34,"column":26}},"loc":{"start":{"line":34,"column":35},"end":{"line":34,"column":49}}},"5":{"name":"(anonymous_7)","decl":{"start":{"line":38,"column":13},"end":{"line":38,"column":16}},"loc":{"start":{"line":38,"column":19},"end":{"line":38,"column":31}}}},"branchMap":{"0":{"loc":{"start":{"line":56,"column":4},"end":{"line":56,"column":37}},"type":"if","locations":[{"start":{"line":56,"column":4},"end":{"line":56,"column":37}}]},"1":{"loc":{"start":{"line":57,"column":4},"end":{"line":57,"column":68}},"type":"if","locations":[{"start":{"line":57,"column":4},"end":{"line":57,"column":68}}]},"2":{"loc":{"start":{"line":57,"column":8},"end":{"line":57,"column":53}},"type":"binary-expr","locations":[{"start":{"line":57,"column":8},"end":{"line":57,"column":22}},{"start":{"line":57,"column":26},"end":{"line":57,"column":53}}]}},"s":{"0":1,"1":1,"2":1,"3":1,"4":1,"5":0,"6":0,"7":0,"8":0,"9":0,"10":1,"11":1,"12":1,"13":1,"14":1,"15":1,"16":0,"17":0,"18":1,"19":0,"20":0,"21":1,"22":0,"23":1,"24":1,"25":1,"26":1,"27":1},"f":{"0":0,"1":0,"2":0,"3":0,"4":0,"5":0},"b":{"0":[0],"1":[0],"2":[0,0]}}
,"/Users/kapoor/Desktop/Projects/VC/veteran-healthcare-rbac/src/users/entities/user.entity.ts": {"path":"/Users/kapoor/Desktop/Projects/VC/veteran-healthcare-rbac/src/users/entities/user.entity.ts","statementMap":{"0":{"start":{"line":1,"column":0},"end":{"line":1,"column":null}},"1":{"start":{"line":11,"column":0},"end":{"line":11,"column":46}},"2":{"start":{"line":12,"column":0},"end":{"line":12,"column":80}},"3":{"start":{"line":13,"column":0},"end":{"line":13,"column":65}},"4":{"start":{"line":16,"column":7},"end":{"line":58,"column":null}},"5":{"start":{"line":56,"column":4},"end":{"line":56,"column":48}},"6":{"start":{"line":16,"column":13},"end":{"line":16,"column":17}},"7":{"start":{"line":18,"column":2},"end":{"line":18,"column":null}},"8":{"start":{"line":21,"column":2},"end":{"line":21,"column":null}},"9":{"start":{"line":24,"column":2},"end":{"line":24,"column":null}},"10":{"start":{"line":27,"column":2},"end":{"line":27,"column":null}},"11":{"start":{"line":30,"column":2},"end":{"line":30,"column":null}},"12":{"start":{"line":33,"column":2},"end":{"line":33,"column":null}},"13":{"start":{"line":36,"column":2},"end":{"line":36,"column":null}},"14":{"start":{"line":40,"column":2},"end":{"line":40,"column":null}},"15":{"start":{"line":38,"column":19},"end":{"line":38,"column":31}},"16":{"start":{"line":38,"column":51},"end":{"line":38,"column":69}},"17":{"start":{"line":43,"column":2},"end":{"line":43,"column":null}},"18":{"start":{"line":42,"column":19},"end":{"line":42,"column":27}},"19":{"start":{"line":42,"column":43},"end":{"line":42,"column":56}},"20":{"start":{"line":46,"column":2},"end":{"line":46,"column":null}},"21":{"start":{"line":45,"column":19},"end":{"line":45,"column":27}},"22":{"start":{"line":45,"column":43},"end":{"line":45,"column":56}},"23":{"start":{"line":49,"column":2},"end":{"line":49,"column":null}},"24":{"start":{"line":52,"column":2},"end":{"line":52,"column":null}},"25":{"start":{"line":16,"column":13},"end":{"line":58,"column":null}}},"fnMap":{"0":{"name":"(anonymous_2)","decl":{"start":{"line":55,"column":2},"end":{"line":55,"column":6}},"loc":{"start":{"line":55,"column":14},"end":{"line":57,"column":3}}},"1":{"name":"(anonymous_3)","decl":{"start":{"line":38,"column":13},"end":{"line":38,"column":16}},"loc":{"start":{"line":38,"column":19},"end":{"line":38,"column":31}}},"2":{"name":"(anonymous_4)","decl":{"start":{"line":38,"column":33},"end":{"line":38,"column":34}},"loc":{"start":{"line":38,"column":51},"end":{"line":38,"column":69}}},"3":{"name":"(anonymous_5)","decl":{"start":{"line":42,"column":13},"end":{"line":42,"column":16}},"loc":{"start":{"line":42,"column":19},"end":{"line":42,"column":27}}},"4":{"name":"(anonymous_6)","decl":{"start":{"line":42,"column":29},"end":{"line":42,"column":30}},"loc":{"start":{"line":42,"column":43},"end":{"line":42,"column":56}}},"5":{"name":"(anonymous_7)","decl":{"start":{"line":45,"column":13},"end":{"line":45,"column":16}},"loc":{"start":{"line":45,"column":19},"end":{"line":45,"column":27}}},"6":{"name":"(anonymous_8)","decl":{"start":{"line":45,"column":29},"end":{"line":45,"column":30}},"loc":{"start":{"line":45,"column":43},"end":{"line":45,"column":56}}}},"branchMap":{},"s":{"0":1,"1":1,"2":1,"3":1,"4":1,"5":0,"6":1,"7":1,"8":1,"9":1,"10":1,"11":1,"12":1,"13":1,"14":1,"15":0,"16":0,"17":1,"18":0,"19":0,"20":1,"21":0,"22":0,"23":1,"24":1,"25":1},"f":{"0":0,"1":0,"2":0,"3":0,"4":0,"5":0,"6":0},"b":{}}
,"/Users/kapoor/Desktop/Projects/VC/veteran-healthcare-rbac/src/users/services/users.service.ts": {"path":"/Users/kapoor/Desktop/Projects/VC/veteran-healthcare-rbac/src/users/services/users.service.ts","statementMap":{"0":{"start":{"line":1,"column":0},"end":{"line":1,"column":63}},"1":{"start":{"line":2,"column":0},"end":{"line":2,"column":51}},"2":{"start":{"line":3,"column":0},"end":{"line":3,"column":37}},"3":{"start":{"line":4,"column":0},"end":{"line":4,"column":47}},"4":{"start":{"line":5,"column":0},"end":{"line":5,"column":56}},"5":{"start":{"line":6,"column":0},"end":{"line":6,"column":63}},"6":{"start":{"line":9,"column":7},"end":{"line":70,"column":null}},"7":{"start":{"line":12,"column":12},"end":{"line":12,"column":28}},"8":{"start":{"line":14,"column":12},"end":{"line":14,"column":32}},"9":{"start":{"line":15,"column":12},"end":{"line":15,"column":25}},"10":{"start":{"line":19,"column":4},"end":{"line":21,"column":7}},"11":{"start":{"line":25,"column":17},"end":{"line":28,"column":6}},"12":{"start":{"line":30,"column":4},"end":{"line":32,"column":5}},"13":{"start":{"line":31,"column":6},"end":{"line":31,"column":52}},"14":{"start":{"line":34,"column":4},"end":{"line":34,"column":16}},"15":{"start":{"line":38,"column":4},"end":{"line":41,"column":7}},"16":{"start":{"line":49,"column":21},"end":{"line":53,"column":6}},"17":{"start":{"line":55,"column":4},"end":{"line":55,"column":50}},"18":{"start":{"line":59,"column":21},"end":{"line":61,"column":6}},"19":{"start":{"line":63,"column":4},"end":{"line":65,"column":5}},"20":{"start":{"line":64,"column":6},"end":{"line":64,"column":57}},"21":{"start":{"line":67,"column":4},"end":{"line":67,"column":30}},"22":{"start":{"line":68,"column":4},"end":{"line":68,"column":49}},"23":{"start":{"line":9,"column":13},"end":{"line":9,"column":25}},"24":{"start":{"line":9,"column":13},"end":{"line":70,"column":null}}},"fnMap":{"0":{"name":"(anonymous_4)","decl":{"start":{"line":10,"column":2},"end":{"line":10,"column":null}},"loc":{"start":{"line":15,"column":36},"end":{"line":16,"column":6}}},"1":{"name":"(anonymous_5)","decl":{"start":{"line":18,"column":2},"end":{"line":18,"column":7}},"loc":{"start":{"line":18,"column":15},"end":{"line":22,"column":3}}},"2":{"name":"(anonymous_6)","decl":{"start":{"line":24,"column":2},"end":{"line":24,"column":7}},"loc":{"start":{"line":24,"column":26},"end":{"line":35,"column":3}}},"3":{"name":"(anonymous_7)","decl":{"start":{"line":37,"column":2},"end":{"line":37,"column":7}},"loc":{"start":{"line":37,"column":35},"end":{"line":42,"column":3}}},"4":{"name":"(anonymous_8)","decl":{"start":{"line":44,"column":2},"end":{"line":44,"column":7}},"loc":{"start":{"line":47,"column":26},"end":{"line":56,"column":3}}},"5":{"name":"(anonymous_9)","decl":{"start":{"line":58,"column":2},"end":{"line":58,"column":7}},"loc":{"start":{"line":58,"column":37},"end":{"line":69,"column":3}}}},"branchMap":{"0":{"loc":{"start":{"line":30,"column":4},"end":{"line":32,"column":5}},"type":"if","locations":[{"start":{"line":30,"column":4},"end":{"line":32,"column":5}}]},"1":{"loc":{"start":{"line":63,"column":4},"end":{"line":65,"column":5}},"type":"if","locations":[{"start":{"line":63,"column":4},"end":{"line":65,"column":5}}]}},"s":{"0":0,"1":0,"2":0,"3":0,"4":0,"5":0,"6":0,"7":0,"8":0,"9":0,"10":0,"11":0,"12":0,"13":0,"14":0,"15":0,"16":0,"17":0,"18":0,"19":0,"20":0,"21":0,"22":0,"23":0,"24":0},"f":{"0":0,"1":0,"2":0,"3":0,"4":0,"5":0},"b":{"0":[0],"1":[0]}}
}
