TN:
SF:src/app.controller.ts
FN:40,(anonymous_2)
FN:72,(anonymous_3)
FNF:2
FNH:2
FNDA:1,(anonymous_2)
FNDA:1,(anonymous_3)
DA:1,1
DA:2,1
DA:3,1
DA:7,1
DA:40,1
DA:41,1
DA:72,1
DA:73,1
LF:8
LH:8
BRF:0
BRH:0
end_of_record
TN:
SF:src/app.module.ts
FN:27,(anonymous_1)
FN:32,(anonymous_2)
FNF:2
FNH:0
FNDA:0,(anonymous_1)
FNDA:0,(anonymous_2)
DA:1,0
DA:2,0
DA:3,0
DA:4,0
DA:5,0
DA:6,0
DA:8,0
DA:9,0
DA:10,0
DA:11,0
DA:12,0
DA:13,0
DA:14,0
DA:15,0
DA:16,0
DA:17,0
DA:27,0
DA:32,0
DA:59,0
LF:19
LH:0
BRF:0
BRH:0
end_of_record
TN:
SF:src/app.service.ts
FN:5,(anonymous_1)
FNF:1
FNH:0
FNDA:0,(anonymous_1)
DA:1,0
DA:4,0
DA:6,0
LF:3
LH:0
BRF:0
BRH:0
end_of_record
TN:
SF:src/main.ts
FN:9,bootstrap
FN:61,(anonymous_1)
FNF:2
FNH:0
FNDA:0,bootstrap
FNDA:0,(anonymous_1)
DA:2,0
DA:3,0
DA:4,0
DA:5,0
DA:6,0
DA:7,0
DA:10,0
DA:11,0
DA:12,0
DA:15,0
DA:18,0
DA:30,0
DA:33,0
DA:39,0
DA:51,0
DA:52,0
DA:54,0
DA:55,0
DA:57,0
DA:58,0
DA:61,0
DA:62,0
DA:63,0
LF:23
LH:0
BRF:0
BRH:0
end_of_record
TN:
SF:src/audit/audit.module.ts
FNF:0
FNH:0
DA:1,0
DA:2,0
DA:3,0
DA:4,0
DA:11,0
LF:5
LH:0
BRF:0
BRH:0
end_of_record
TN:
SF:src/audit/entities/audit-log.entity.ts
FN:12,(anonymous_2)
FN:22,(anonymous_3)
FN:81,(anonymous_4)
FN:102,(anonymous_5)
FN:69,(anonymous_6)
FN:69,(anonymous_7)
FN:73,(anonymous_8)
FN:73,(anonymous_9)
FNF:8
FNH:2
FNDA:1,(anonymous_2)
FNDA:1,(anonymous_3)
FNDA:0,(anonymous_4)
FNDA:0,(anonymous_5)
FNDA:0,(anonymous_6)
FNDA:0,(anonymous_7)
FNDA:0,(anonymous_8)
FNDA:0,(anonymous_9)
DA:1,1
DA:9,1
DA:10,1
DA:12,1
DA:13,1
DA:14,1
DA:15,1
DA:16,1
DA:17,1
DA:18,1
DA:19,1
DA:22,1
DA:23,1
DA:24,1
DA:25,1
DA:29,1
DA:31,1
DA:34,1
DA:40,1
DA:46,1
DA:49,1
DA:52,1
DA:55,1
DA:58,1
DA:61,1
DA:64,1
DA:67,1
DA:69,0
DA:71,1
DA:73,0
DA:75,1
DA:78,1
DA:90,0
DA:103,0
LF:34
LH:30
BRDA:12,0,0,1
BRDA:12,0,1,1
BRDA:22,1,0,1
BRDA:22,1,1,1
BRDA:97,2,0,0
BRDA:97,2,1,0
BRDA:103,3,0,0
BRDA:103,3,1,0
BRF:8
BRH:4
end_of_record
TN:
SF:src/audit/services/audit.service.ts
FN:10,(anonymous_4)
FN:18,(anonymous_5)
FN:47,(anonymous_6)
FN:75,(anonymous_7)
FN:97,(anonymous_8)
FN:118,(anonymous_9)
FN:144,(anonymous_10)
FN:170,(anonymous_11)
FN:196,(anonymous_12)
FN:208,(anonymous_13)
FN:220,(anonymous_14)
FN:232,(anonymous_15)
FNF:12
FNH:0
FNDA:0,(anonymous_4)
FNDA:0,(anonymous_5)
FNDA:0,(anonymous_6)
FNDA:0,(anonymous_7)
FNDA:0,(anonymous_8)
FNDA:0,(anonymous_9)
FNDA:0,(anonymous_10)
FNDA:0,(anonymous_11)
FNDA:0,(anonymous_12)
FNDA:0,(anonymous_13)
FNDA:0,(anonymous_14)
FNDA:0,(anonymous_15)
DA:1,1
DA:2,1
DA:3,1
DA:4,1
DA:7,1
DA:8,0
DA:12,0
DA:26,0
DA:27,0
DA:37,0
DA:38,0
DA:40,0
DA:54,0
DA:55,0
DA:65,0
DA:66,0
DA:68,0
DA:76,0
DA:77,0
DA:87,0
DA:88,0
DA:90,0
DA:98,0
DA:99,0
DA:108,0
DA:109,0
DA:111,0
DA:124,0
DA:125,0
DA:134,0
DA:135,0
DA:137,0
DA:150,0
DA:151,0
DA:160,0
DA:161,0
DA:163,0
DA:176,0
DA:177,0
DA:186,0
DA:187,0
DA:189,0
DA:197,0
DA:209,0
DA:221,0
DA:233,0
DA:235,0
DA:237,0
DA:239,0
DA:241,0
DA:243,0
DA:245,0
DA:247,0
LF:53
LH:5
BRDA:38,0,0,0
BRDA:38,0,1,0
BRDA:66,1,0,0
BRDA:66,1,1,0
BRDA:66,2,0,0
BRDA:66,2,1,0
BRDA:196,3,0,0
BRDA:208,4,0,0
BRDA:220,5,0,0
BRDA:233,6,0,0
BRDA:233,6,1,0
BRDA:233,6,2,0
BRDA:233,6,3,0
BRDA:233,6,4,0
BRDA:233,6,5,0
BRDA:233,6,6,0
BRF:16
BRH:0
end_of_record
TN:
SF:src/auth/auth.module.ts
FN:29,(anonymous_1)
FNF:1
FNH:0
FNDA:0,(anonymous_1)
DA:1,0
DA:2,0
DA:3,0
DA:4,0
DA:5,0
DA:6,0
DA:7,0
DA:8,0
DA:9,0
DA:10,0
DA:11,0
DA:12,0
DA:13,0
DA:14,0
DA:15,0
DA:29,0
DA:42,0
LF:17
LH:0
BRF:0
BRH:0
end_of_record
TN:
SF:src/auth/controllers/auth.controller.ts
FN:26,(anonymous_4)
FN:93,(anonymous_5)
FN:149,(anonymous_6)
FN:178,(anonymous_7)
FN:209,(anonymous_8)
FNF:5
FNH:0
FNDA:0,(anonymous_4)
FNDA:0,(anonymous_5)
FNDA:0,(anonymous_6)
FNDA:0,(anonymous_7)
FNDA:0,(anonymous_8)
DA:1,0
DA:10,0
DA:17,0
DA:18,0
DA:19,0
DA:20,0
DA:21,0
DA:25,0
DA:26,0
DA:93,0
DA:94,0
DA:149,0
DA:150,0
DA:178,0
DA:179,0
DA:180,0
DA:209,0
DA:210,0
LF:18
LH:0
BRF:0
BRH:0
end_of_record
TN:
SF:src/auth/dto/auth.dto.ts
FNF:0
FNH:0
DA:1,0
DA:2,0
DA:4,0
DA:10,0
DA:19,0
DA:22,0
DA:29,0
DA:37,0
DA:45,0
LF:9
LH:0
BRF:0
BRH:0
end_of_record
TN:
SF:src/auth/services/auth.service.ts
FN:19,(anonymous_4)
FN:32,(anonymous_5)
FN:37,(anonymous_6)
FN:59,(anonymous_7)
FN:94,(anonymous_8)
FN:161,(anonymous_9)
FN:210,(anonymous_10)
FN:219,(anonymous_11)
FN:242,(anonymous_12)
FN:280,(anonymous_13)
FN:284,(anonymous_14)
FNF:11
FNH:0
FNDA:0,(anonymous_4)
FNDA:0,(anonymous_5)
FNDA:0,(anonymous_6)
FNDA:0,(anonymous_7)
FNDA:0,(anonymous_8)
FNDA:0,(anonymous_9)
FNDA:0,(anonymous_10)
FNDA:0,(anonymous_11)
FNDA:0,(anonymous_12)
FNDA:0,(anonymous_13)
FNDA:0,(anonymous_14)
DA:1,0
DA:2,0
DA:3,0
DA:4,0
DA:5,0
DA:6,0
DA:7,0
DA:8,0
DA:9,0
DA:10,0
DA:15,0
DA:16,0
DA:21,0
DA:23,0
DA:25,0
DA:27,0
DA:28,0
DA:29,0
DA:33,0
DA:34,0
DA:38,0
DA:39,0
DA:43,0
DA:44,0
DA:50,0
DA:53,0
DA:55,0
DA:60,0
DA:61,0
DA:79,0
DA:80,0
DA:84,0
DA:85,0
DA:86,0
DA:90,0
DA:95,0
DA:99,0
DA:100,0
DA:104,0
DA:106,0
DA:107,0
DA:111,0
DA:112,0
DA:115,0
DA:118,0
DA:120,0
DA:128,0
DA:131,0
DA:133,0
DA:139,0
DA:141,0
DA:143,0
DA:162,0
DA:166,0
DA:167,0
DA:175,0
DA:176,0
DA:177,0
DA:178,0
DA:179,0
DA:180,0
DA:182,0
DA:183,0
DA:186,0
DA:190,0
DA:191,0
DA:198,0
DA:200,0
DA:203,0
DA:211,0
DA:220,0
DA:221,0
DA:224,0
DA:228,0
DA:229,0
DA:235,0
DA:238,0
DA:239,0
DA:243,0
DA:247,0
DA:248,0
DA:251,0
DA:253,0
DA:254,0
DA:257,0
DA:263,0
DA:266,0
DA:268,0
DA:281,0
DA:285,0
LF:90
LH:0
BRDA:43,0,0,0
BRDA:84,1,0,0
BRDA:99,2,0,0
BRDA:106,3,0,0
BRDA:106,3,1,0
BRDA:111,4,0,0
BRDA:175,5,0,0
BRDA:175,5,1,0
BRDA:175,6,0,0
BRDA:175,6,1,0
BRDA:178,7,0,0
BRDA:178,7,1,0
BRDA:190,8,0,0
BRDA:190,8,1,0
BRDA:212,9,0,0
BRDA:212,9,1,0
BRDA:212,9,2,0
BRDA:212,9,3,0
BRDA:220,10,0,0
BRDA:228,11,0,0
BRDA:247,12,0,0
BRDA:253,13,0,0
BRF:22
BRH:0
end_of_record
TN:
SF:src/auth/services/rbac.service.ts
FN:45,(anonymous_4)
FN:64,(anonymous_5)
FN:104,(anonymous_6)
FN:114,(anonymous_7)
FN:131,(anonymous_8)
FN:143,(anonymous_9)
FN:150,(anonymous_10)
FN:172,(anonymous_11)
FN:183,(anonymous_12)
FN:215,(anonymous_13)
FN:240,(anonymous_14)
FN:245,(anonymous_15)
FN:251,(anonymous_16)
FN:260,(anonymous_17)
FN:262,(anonymous_18)
FN:282,(anonymous_19)
FN:292,(anonymous_20)
FN:299,(anonymous_21)
FN:300,(anonymous_22)
FNF:19
FNH:18
FNDA:15,(anonymous_4)
FNDA:5,(anonymous_5)
FNDA:6,(anonymous_6)
FNDA:7,(anonymous_7)
FNDA:40,(anonymous_8)
FNDA:6,(anonymous_9)
FNDA:4,(anonymous_10)
FNDA:1,(anonymous_11)
FNDA:1,(anonymous_12)
FNDA:4,(anonymous_13)
FNDA:1,(anonymous_14)
FNDA:1,(anonymous_15)
FNDA:0,(anonymous_16)
FNDA:3,(anonymous_17)
FNDA:2,(anonymous_18)
FNDA:2,(anonymous_19)
FNDA:1,(anonymous_20)
FNDA:1,(anonymous_21)
FNDA:1,(anonymous_22)
DA:1,1
DA:2,1
DA:3,1
DA:4,1
DA:5,1
DA:6,1
DA:7,1
DA:8,1
DA:9,1
DA:10,1
DA:14,1
DA:15,15
DA:18,15
DA:47,15
DA:49,15
DA:51,15
DA:53,15
DA:55,15
DA:57,15
DA:58,15
DA:65,5
DA:66,5
DA:67,5
DA:68,1
DA:72,4
DA:75,4
DA:77,4
DA:78,2
DA:79,2
DA:83,2
DA:84,1
DA:85,1
DA:86,0
DA:87,0
DA:92,2
DA:94,2
DA:96,0
DA:97,0
DA:105,6
DA:115,7
DA:124,7
DA:126,7
DA:127,7
DA:130,6
DA:131,40
DA:134,7
DA:135,7
DA:137,7
DA:144,6
DA:151,4
DA:152,4
DA:153,4
DA:154,4
DA:156,4
DA:161,4
DA:166,4
DA:173,1
DA:174,1
DA:177,0
DA:184,1
DA:189,1
DA:190,0
DA:193,1
DA:194,1
DA:195,0
DA:199,1
DA:200,1
DA:205,1
DA:206,0
DA:209,1
DA:216,4
DA:221,4
DA:223,4
DA:224,3
DA:226,3
DA:229,3
DA:230,0
DA:234,4
DA:245,1
DA:246,1
DA:250,0
DA:251,0
DA:254,0
DA:261,3
DA:262,3
DA:264,3
DA:265,1
DA:268,2
DA:272,2
DA:273,1
DA:276,2
DA:283,2
DA:286,2
DA:293,1
DA:298,1
DA:299,1
DA:300,1
LF:97
LH:85
BRDA:67,0,0,1
BRDA:77,1,0,2
BRDA:83,2,0,1
BRDA:85,3,0,0
BRDA:119,4,0,7
BRDA:119,4,1,1
BRDA:127,5,0,1
BRDA:144,6,0,6
BRDA:144,6,1,0
BRDA:156,7,0,4
BRDA:156,7,1,2
BRDA:156,7,2,2
BRDA:156,7,3,2
BRDA:173,8,0,1
BRDA:173,9,0,1
BRDA:173,9,1,1
BRDA:189,10,0,0
BRDA:194,11,0,0
BRDA:205,12,0,0
BRDA:224,13,0,0
BRDA:229,14,0,0
BRDA:245,15,0,1
BRDA:250,16,0,0
BRDA:264,17,0,1
BRDA:272,18,0,1
BRF:25
BRH:17
end_of_record
TN:
SF:src/auth/strategies/jwt.strategy.ts
FN:19,(anonymous_4)
FN:31,(anonymous_5)
FNF:2
FNH:0
FNDA:0,(anonymous_4)
FNDA:0,(anonymous_5)
DA:1,0
DA:2,0
DA:3,0
DA:4,0
DA:5,0
DA:6,0
DA:7,0
DA:18,0
DA:20,0
DA:22,0
DA:24,0
DA:32,0
DA:37,0
DA:38,0
DA:41,0
LF:15
LH:0
BRDA:37,0,0,0
BRF:1
BRH:0
end_of_record
TN:
SF:src/common/decorators/api-rbac.decorator.ts
FN:4,ApiRbac
FNF:1
FNH:0
FNDA:0,ApiRbac
DA:1,0
DA:2,0
DA:4,0
DA:13,0
LF:4
LH:0
BRDA:17,0,0,0
BRDA:17,0,1,0
BRDA:32,1,0,0
BRDA:32,1,1,0
BRF:4
BRH:0
end_of_record
TN:
SF:src/common/decorators/current-user.decorator.ts
FN:4,(anonymous_0)
FNF:1
FNH:0
FNDA:0,(anonymous_0)
DA:1,0
DA:3,0
DA:5,0
DA:6,0
LF:4
LH:0
BRF:0
BRH:0
end_of_record
TN:
SF:src/common/decorators/public.decorator.ts
FN:4,(anonymous_0)
FNF:1
FNH:1
FNDA:2,(anonymous_0)
DA:1,1
DA:3,1
DA:4,2
LF:3
LH:3
BRF:0
BRH:0
end_of_record
TN:
SF:src/common/decorators/rbac.decorator.ts
FN:11,(anonymous_0)
FNF:1
FNH:0
FNDA:0,(anonymous_0)
DA:1,0
DA:3,0
DA:11,0
DA:12,0
LF:4
LH:0
BRDA:11,0,0,0
BRF:1
BRH:0
end_of_record
TN:
SF:src/common/dto/pagination.dto.ts
FN:30,(anonymous_2)
FN:13,(anonymous_3)
FN:25,(anonymous_4)
FNF:3
FNH:0
FNDA:0,(anonymous_2)
FNDA:0,(anonymous_3)
FNDA:0,(anonymous_4)
DA:1,0
DA:2,0
DA:3,0
DA:5,0
DA:13,0
DA:17,0
DA:25,0
DA:28,0
DA:31,0
LF:9
LH:0
BRF:0
BRH:0
end_of_record
TN:
SF:src/common/filters/global-exception.filter.ts
FN:15,(anonymous_1)
FNF:1
FNH:0
FNDA:0,(anonymous_1)
DA:1,0
DA:12,0
DA:13,0
DA:16,0
DA:17,0
DA:18,0
DA:20,0
DA:21,0
DA:22,0
DA:24,0
DA:25,0
DA:26,0
DA:28,0
DA:29,0
DA:30,0
DA:32,0
DA:37,0
DA:43,0
DA:45,0
LF:19
LH:0
BRDA:24,0,0,0
BRDA:28,1,0,0
BRDA:28,1,1,0
BRDA:28,2,0,0
BRDA:28,2,1,0
BRDA:29,3,0,0
BRDA:29,3,1,0
BRDA:30,4,0,0
BRDA:30,4,1,0
BRDA:39,5,0,0
BRDA:39,5,1,0
BRDA:48,6,0,0
BRDA:48,6,1,0
BRDA:52,7,0,0
BRDA:52,7,1,0
BRDA:52,7,2,0
BRF:16
BRH:0
end_of_record
TN:
SF:src/common/guards/jwt-auth.guard.ts
FN:15,(anonymous_2)
FN:22,(anonymous_3)
FN:77,(anonymous_4)
FN:85,(anonymous_5)
FN:91,(anonymous_6)
FN:96,(anonymous_7)
FN:117,(anonymous_8)
FN:129,(anonymous_9)
FNF:8
FNH:0
FNDA:0,(anonymous_2)
FNDA:0,(anonymous_3)
FNDA:0,(anonymous_4)
FNDA:0,(anonymous_5)
FNDA:0,(anonymous_6)
FNDA:0,(anonymous_7)
FNDA:0,(anonymous_8)
FNDA:0,(anonymous_9)
DA:1,0
DA:7,0
DA:8,0
DA:9,0
DA:12,0
DA:13,0
DA:16,0
DA:17,0
DA:19,0
DA:24,0
DA:29,0
DA:30,0
DA:34,0
DA:35,0
DA:36,0
DA:39,0
DA:40,0
DA:43,0
DA:44,0
DA:48,0
DA:49,0
DA:50,0
DA:51,0
DA:55,0
DA:56,0
DA:59,0
DA:66,0
DA:67,0
DA:68,0
DA:71,0
DA:78,0
DA:85,0
DA:93,0
DA:96,0
DA:99,0
DA:102,0
DA:111,0
DA:118,0
DA:126,0
DA:130,0
DA:131,0
DA:133,0
LF:42
LH:0
BRDA:29,0,0,0
BRDA:35,1,0,0
BRDA:43,2,0,0
BRDA:49,3,0,0
BRDA:56,4,0,0
BRDA:56,4,1,0
BRDA:66,5,0,0
BRDA:85,6,0,0
BRDA:85,6,1,0
BRDA:96,7,0,0
BRDA:96,7,1,0
BRDA:99,8,0,0
BRDA:99,8,1,0
BRDA:111,9,0,0
BRDA:111,9,1,0
BRDA:126,10,0,0
BRDA:126,10,1,0
BRDA:130,11,0,0
BRDA:130,12,0,0
BRDA:130,12,1,0
BRDA:131,13,0,0
BRDA:131,13,1,0
BRF:22
BRH:0
end_of_record
TN:
SF:src/common/guards/rbac.guard.ts
FN:17,(anonymous_2)
FN:22,(anonymous_3)
FNF:2
FNH:0
FNDA:0,(anonymous_2)
FNDA:0,(anonymous_3)
DA:1,0
DA:8,0
DA:9,0
DA:10,0
DA:14,0
DA:15,0
DA:18,0
DA:19,0
DA:23,0
DA:28,0
DA:29,0
DA:32,0
DA:33,0
DA:35,0
DA:36,0
DA:37,0
DA:40,0
DA:41,0
DA:43,0
DA:51,0
DA:52,0
DA:54,0
DA:55,0
DA:58,0
DA:61,0
DA:63,0
DA:64,0
LF:27
LH:0
BRDA:28,0,0,0
BRDA:35,1,0,0
BRDA:40,2,0,0
BRDA:40,2,1,0
BRDA:41,3,0,0
BRDA:41,3,1,0
BRDA:45,4,0,0
BRDA:45,4,1,0
BRDA:54,5,0,0
BRDA:58,6,0,0
BRDA:58,6,1,0
BRF:11
BRH:0
end_of_record
TN:
SF:src/common/interceptors/logging.interceptor.ts
FN:15,(anonymous_1)
FN:33,(anonymous_2)
FN:40,(anonymous_3)
FNF:3
FNH:0
FNDA:0,(anonymous_1)
FNDA:0,(anonymous_2)
FNDA:0,(anonymous_3)
DA:1,0
DA:9,0
DA:12,0
DA:13,0
DA:16,0
DA:17,0
DA:18,0
DA:19,0
DA:21,0
DA:24,0
DA:27,0
DA:28,0
DA:29,0
DA:32,0
DA:34,0
DA:35,0
DA:41,0
DA:42,0
DA:44,0
DA:45,0
DA:46,0
DA:50,0
LF:22
LH:0
BRDA:19,0,0,0
BRDA:19,0,1,0
BRDA:27,1,0,0
BRDA:27,2,0,0
BRDA:27,2,1,0
BRDA:45,3,0,0
BRF:6
BRH:0
end_of_record
TN:
SF:src/common/utils/pagination.helper.ts
FN:3,createPaginatedResult
FNF:1
FNH:0
FNDA:0,createPaginatedResult
DA:3,0
DA:9,0
LF:2
LH:0
BRF:0
BRH:0
end_of_record
TN:
SF:src/database/database.config.ts
FN:4,(anonymous_0)
FNF:1
FNH:0
FNDA:0,(anonymous_0)
DA:4,0
DA:5,0
DA:8,0
DA:9,0
DA:20,0
LF:5
LH:0
BRDA:8,0,0,0
BRF:1
BRH:0
end_of_record
TN:
SF:src/database/migrations/700000000000-InitialSchema.ts
FN:7,(anonymous_0)
FN:210,(anonymous_1)
FNF:2
FNH:0
FNDA:0,(anonymous_0)
FNDA:0,(anonymous_1)
DA:4,0
DA:5,0
DA:9,0
DA:25,0
DA:42,0
DA:56,0
DA:69,0
DA:84,0
DA:93,0
DA:114,0
DA:133,0
DA:134,0
DA:135,0
DA:136,0
DA:137,0
DA:138,0
DA:139,0
DA:140,0
DA:141,0
DA:142,0
DA:143,0
DA:144,0
DA:145,0
DA:146,0
DA:149,0
DA:154,0
DA:159,0
DA:164,0
DA:169,0
DA:174,0
DA:179,0
DA:184,0
DA:189,0
DA:194,0
DA:199,0
DA:204,0
DA:212,0
DA:213,0
DA:214,0
DA:215,0
DA:216,0
DA:217,0
DA:218,0
DA:219,0
DA:220,0
DA:221,0
DA:222,0
DA:223,0
DA:226,0
DA:227,0
DA:228,0
DA:229,0
DA:230,0
DA:231,0
DA:232,0
DA:233,0
DA:234,0
DA:235,0
DA:236,0
DA:237,0
DA:238,0
DA:239,0
DA:242,0
DA:243,0
DA:244,0
DA:245,0
DA:246,0
DA:247,0
DA:248,0
DA:249,0
DA:254,0
DA:255,0
DA:256,0
DA:258,0
DA:260,0
DA:262,0
LF:76
LH:0
BRF:0
BRH:0
end_of_record
TN:
SF:src/database/seeds/seed.command.ts
FN:9,(anonymous_2)
FN:13,(anonymous_3)
FNF:2
FNH:0
FNDA:0,(anonymous_2)
FNDA:0,(anonymous_3)
DA:1,0
DA:2,0
DA:8,0
DA:9,0
DA:10,0
DA:14,0
LF:6
LH:0
BRF:0
BRH:0
end_of_record
TN:
SF:src/database/seeds/seed.module.ts
FNF:0
FNH:0
DA:26,0
DA:31,0
LF:2
LH:0
BRF:0
BRH:0
end_of_record
TN:
SF:src/database/seeds/seed.service.ts
FN:15,(anonymous_4)
FN:28,(anonymous_5)
FN:63,(anonymous_6)
FN:102,(anonymous_7)
FN:127,(anonymous_8)
FN:148,(anonymous_9)
FN:159,(anonymous_10)
FN:204,(anonymous_11)
FN:205,(anonymous_12)
FN:206,(anonymous_13)
FN:259,(anonymous_14)
FN:267,(anonymous_15)
FN:268,(anonymous_16)
FNF:13
FNH:0
FNDA:0,(anonymous_4)
FNDA:0,(anonymous_5)
FNDA:0,(anonymous_6)
FNDA:0,(anonymous_7)
FNDA:0,(anonymous_8)
FNDA:0,(anonymous_9)
FNDA:0,(anonymous_10)
FNDA:0,(anonymous_11)
FNDA:0,(anonymous_12)
FNDA:0,(anonymous_13)
FNDA:0,(anonymous_14)
FNDA:0,(anonymous_15)
FNDA:0,(anonymous_16)
DA:1,0
DA:2,0
DA:3,0
DA:4,0
DA:5,0
DA:6,0
DA:7,0
DA:8,0
DA:9,0
DA:12,0
DA:13,0
DA:17,0
DA:19,0
DA:21,0
DA:23,0
DA:25,0
DA:29,0
DA:31,0
DA:33,0
DA:34,0
DA:37,0
DA:38,0
DA:41,0
DA:42,0
DA:45,0
DA:46,0
DA:49,0
DA:50,0
DA:53,0
DA:54,0
DA:56,0
DA:58,0
DA:59,0
DA:64,0
DA:84,0
DA:86,0
DA:87,0
DA:91,0
DA:92,0
DA:93,0
DA:95,0
DA:99,0
DA:103,0
DA:109,0
DA:111,0
DA:112,0
DA:116,0
DA:117,0
DA:118,0
DA:120,0
DA:124,0
DA:128,0
DA:146,0
DA:147,0
DA:148,0
DA:149,0
DA:152,0
DA:153,0
DA:154,0
DA:160,0
DA:167,0
DA:170,0
DA:175,0
DA:176,0
DA:180,0
DA:182,0
DA:185,0
DA:186,0
DA:190,0
DA:191,0
DA:195,0
DA:197,0
DA:201,0
DA:205,0
DA:206,0
DA:208,0
DA:209,0
DA:212,0
DA:214,0
DA:241,0
DA:243,0
DA:244,0
DA:248,0
DA:249,0
DA:250,0
DA:252,0
DA:256,0
DA:260,0
DA:266,0
DA:267,0
DA:268,0
DA:270,0
DA:271,0
DA:275,0
DA:276,0
DA:282,0
LF:96
LH:0
BRDA:91,0,0,0
BRDA:91,0,1,0
BRDA:116,1,0,0
BRDA:116,1,1,0
BRDA:152,2,0,0
BRDA:175,3,0,0
BRDA:175,3,1,0
BRDA:190,4,0,0
BRDA:190,4,1,0
BRDA:208,5,0,0
BRDA:248,6,0,0
BRDA:248,6,1,0
BRDA:270,7,0,0
BRDA:270,8,0,0
BRDA:270,8,1,0
BRDA:275,9,0,0
BRF:16
BRH:0
end_of_record
TN:
SF:src/organizations/organizations.module.ts
FNF:0
FNH:0
DA:1,0
DA:2,0
DA:3,0
DA:4,0
DA:5,0
DA:6,0
DA:17,0
LF:7
LH:0
BRF:0
BRH:0
end_of_record
TN:
SF:src/organizations/controllers/organizations.controller.ts
FN:18,(anonymous_4)
FN:25,(anonymous_5)
FN:34,(anonymous_6)
FN:42,(anonymous_7)
FN:50,(anonymous_8)
FNF:5
FNH:0
FNDA:0,(anonymous_4)
FNDA:0,(anonymous_5)
FNDA:0,(anonymous_6)
FNDA:0,(anonymous_7)
FNDA:0,(anonymous_8)
DA:1,0
DA:7,0
DA:8,0
DA:9,0
DA:10,0
DA:11,0
DA:17,0
DA:18,0
DA:25,0
DA:26,0
DA:34,0
DA:35,0
DA:42,0
DA:43,0
DA:50,0
DA:51,0
LF:16
LH:0
BRF:0
BRH:0
end_of_record
TN:
SF:src/organizations/entities/organization.entity.ts
FN:17,(anonymous_2)
FN:63,(anonymous_3)
FN:68,(anonymous_4)
FN:50,(anonymous_5)
FN:50,(anonymous_6)
FN:53,(anonymous_7)
FN:53,(anonymous_8)
FNF:7
FNH:1
FNDA:1,(anonymous_2)
FNDA:0,(anonymous_3)
FNDA:0,(anonymous_4)
FNDA:0,(anonymous_5)
FNDA:0,(anonymous_6)
FNDA:0,(anonymous_7)
FNDA:0,(anonymous_8)
DA:1,1
DA:14,1
DA:15,1
DA:17,1
DA:18,1
DA:19,1
DA:24,1
DA:26,1
DA:29,1
DA:32,1
DA:39,1
DA:42,1
DA:45,1
DA:48,1
DA:50,0
DA:51,1
DA:53,0
DA:54,1
DA:57,1
DA:60,1
DA:64,0
DA:69,0
DA:70,0
DA:72,0
LF:24
LH:18
BRDA:17,0,0,1
BRDA:17,0,1,1
BRDA:64,1,0,0
BRDA:64,1,1,0
BRDA:69,2,0,0
BRF:5
BRH:2
end_of_record
TN:
SF:src/organizations/services/organizations.service.ts
FN:8,(anonymous_4)
FN:13,(anonymous_5)
FN:17,(anonymous_6)
FN:30,(anonymous_7)
FN:35,(anonymous_8)
FNF:5
FNH:0
FNDA:0,(anonymous_4)
FNDA:0,(anonymous_5)
FNDA:0,(anonymous_6)
FNDA:0,(anonymous_7)
FNDA:0,(anonymous_8)
DA:1,0
DA:2,0
DA:3,0
DA:4,0
DA:7,0
DA:10,0
DA:14,0
DA:18,0
DA:23,0
DA:24,0
DA:27,0
DA:31,0
DA:32,0
DA:36,0
DA:37,0
LF:15
LH:0
BRDA:23,0,0,0
BRF:1
BRH:0
end_of_record
TN:
SF:src/permissions/permissions.module.ts
FNF:0
FNH:0
DA:1,0
DA:2,0
DA:3,0
DA:4,0
DA:5,0
DA:6,0
DA:7,0
DA:18,0
LF:8
LH:0
BRF:0
BRH:0
end_of_record
TN:
SF:src/permissions/controllers/permissions.controller.ts
FN:18,(anonymous_4)
FN:25,(anonymous_5)
FN:33,(anonymous_6)
FN:42,(anonymous_7)
FNF:4
FNH:0
FNDA:0,(anonymous_4)
FNDA:0,(anonymous_5)
FNDA:0,(anonymous_6)
FNDA:0,(anonymous_7)
DA:1,0
DA:7,0
DA:8,0
DA:9,0
DA:10,0
DA:11,0
DA:17,0
DA:18,0
DA:25,0
DA:26,0
DA:33,0
DA:34,0
DA:42,0
DA:43,0
LF:14
LH:0
BRF:0
BRH:0
end_of_record
TN:
SF:src/permissions/entities/permission.entity.ts
FN:11,(anonymous_2)
FN:18,(anonymous_3)
FN:54,(anonymous_4)
FN:44,(anonymous_5)
FN:44,(anonymous_6)
FNF:5
FNH:2
FNDA:1,(anonymous_2)
FNDA:1,(anonymous_3)
FNDA:0,(anonymous_4)
FNDA:0,(anonymous_5)
FNDA:0,(anonymous_6)
DA:1,1
DA:9,1
DA:11,1
DA:12,1
DA:13,1
DA:14,1
DA:15,1
DA:18,1
DA:19,1
DA:20,1
DA:21,1
DA:25,1
DA:27,1
DA:33,1
DA:39,1
DA:42,1
DA:44,0
DA:45,1
DA:48,1
DA:51,1
DA:55,0
LF:21
LH:19
BRDA:11,0,0,1
BRDA:11,0,1,1
BRDA:18,1,0,1
BRDA:18,1,1,1
BRF:4
BRH:4
end_of_record
TN:
SF:src/permissions/entities/role.entity.ts
FN:14,(anonymous_2)
FN:38,(anonymous_3)
FN:38,(anonymous_4)
FN:41,(anonymous_5)
FN:41,(anonymous_6)
FNF:5
FNH:1
FNDA:1,(anonymous_2)
FNDA:0,(anonymous_3)
FNDA:0,(anonymous_4)
FNDA:0,(anonymous_5)
FNDA:0,(anonymous_6)
DA:1,1
DA:11,1
DA:12,1
DA:14,1
DA:15,1
DA:16,1
DA:17,1
DA:21,1
DA:23,1
DA:30,1
DA:33,1
DA:36,1
DA:38,0
DA:39,1
DA:41,0
DA:47,1
DA:50,1
DA:53,1
LF:18
LH:16
BRDA:14,0,0,1
BRDA:14,0,1,1
BRF:2
BRH:2
end_of_record
TN:
SF:src/permissions/services/permissions.service.ts
FN:9,(anonymous_4)
FN:16,(anonymous_5)
FN:22,(anonymous_6)
FN:28,(anonymous_7)
FNF:4
FNH:0
FNDA:0,(anonymous_4)
FNDA:0,(anonymous_5)
FNDA:0,(anonymous_6)
FNDA:0,(anonymous_7)
DA:1,0
DA:2,0
DA:3,0
DA:4,0
DA:5,0
DA:8,0
DA:11,0
DA:13,0
DA:17,0
DA:23,0
DA:29,0
DA:34,0
DA:35,0
DA:38,0
LF:14
LH:0
BRDA:34,0,0,0
BRF:1
BRH:0
end_of_record
TN:
SF:src/resources/resources.module.ts
FNF:0
FNH:0
DA:1,0
DA:2,0
DA:3,0
DA:4,0
DA:5,0
DA:6,0
DA:7,0
DA:19,0
LF:8
LH:0
BRF:0
BRH:0
end_of_record
TN:
SF:src/resources/controllers/patient-records.controller.ts
FN:28,(anonymous_4)
FN:36,(anonymous_5)
FN:52,(anonymous_6)
FN:64,(anonymous_7)
FN:73,(anonymous_8)
FN:87,(anonymous_9)
FNF:6
FNH:0
FNDA:0,(anonymous_4)
FNDA:0,(anonymous_5)
FNDA:0,(anonymous_6)
FNDA:0,(anonymous_7)
FNDA:0,(anonymous_8)
FNDA:0,(anonymous_9)
DA:1,0
DA:14,0
DA:15,0
DA:16,0
DA:17,0
DA:18,0
DA:19,0
DA:20,0
DA:21,0
DA:27,0
DA:28,0
DA:36,0
DA:41,0
DA:42,0
DA:45,0
DA:52,0
DA:56,0
DA:64,0
DA:65,0
DA:73,0
DA:78,0
DA:87,0
DA:88,0
LF:23
LH:0
BRDA:41,0,0,0
BRF:1
BRH:0
end_of_record
TN:
SF:src/resources/dto/create-patient-record.dto.ts
FNF:0
FNH:0
DA:1,0
DA:3,0
DA:6,0
DA:10,0
DA:14,0
DA:17,0
DA:21,0
DA:25,0
DA:29,0
LF:9
LH:0
BRF:0
BRH:0
end_of_record
TN:
SF:src/resources/dto/update-patient-record.dto.ts
FNF:0
FNH:0
DA:1,0
DA:2,0
DA:4,0
LF:3
LH:0
BRF:0
BRH:0
end_of_record
TN:
SF:src/resources/entities/patient-record.entity.ts
FN:15,(anonymous_2)
FN:82,(anonymous_3)
FN:87,(anonymous_4)
FN:60,(anonymous_5)
FN:60,(anonymous_6)
FN:64,(anonymous_7)
FN:68,(anonymous_8)
FN:72,(anonymous_9)
FN:72,(anonymous_10)
FNF:9
FNH:1
FNDA:1,(anonymous_2)
FNDA:0,(anonymous_3)
FNDA:0,(anonymous_4)
FNDA:0,(anonymous_5)
FNDA:0,(anonymous_6)
FNDA:0,(anonymous_7)
FNDA:0,(anonymous_8)
FNDA:0,(anonymous_9)
FNDA:0,(anonymous_10)
DA:1,1
DA:11,1
DA:12,1
DA:13,1
DA:15,1
DA:16,1
DA:17,1
DA:18,1
DA:22,1
DA:24,1
DA:27,1
DA:30,1
DA:33,1
DA:36,1
DA:39,1
DA:42,1
DA:49,1
DA:52,1
DA:55,1
DA:58,1
DA:60,0
DA:62,1
DA:64,0
DA:66,1
DA:68,0
DA:70,1
DA:72,0
DA:73,1
DA:76,1
DA:79,1
DA:83,0
DA:88,0
LF:32
LH:26
BRDA:15,0,0,1
BRDA:15,0,1,1
BRF:2
BRH:2
end_of_record
TN:
SF:src/resources/services/patient-records.service.ts
FN:12,(anonymous_4)
FN:19,(anonymous_5)
FN:41,(anonymous_6)
FN:45,(anonymous_7)
FN:58,(anonymous_8)
FN:80,(anonymous_9)
FNF:6
FNH:0
FNDA:0,(anonymous_4)
FNDA:0,(anonymous_5)
FNDA:0,(anonymous_6)
FNDA:0,(anonymous_7)
FNDA:0,(anonymous_8)
FNDA:0,(anonymous_9)
DA:1,0
DA:2,0
DA:3,0
DA:4,0
DA:7,0
DA:8,0
DA:11,0
DA:14,0
DA:15,0
DA:16,0
DA:23,0
DA:29,0
DA:31,0
DA:38,0
DA:42,0
DA:46,0
DA:51,0
DA:52,0
DA:55,0
DA:63,0
DA:65,0
DA:66,0
DA:68,0
DA:70,0
DA:77,0
DA:81,0
DA:83,0
DA:85,0
LF:28
LH:0
BRDA:51,0,0,0
BRF:1
BRH:0
end_of_record
TN:
SF:src/users/users.module.ts
FNF:0
FNH:0
DA:1,0
DA:2,0
DA:3,0
DA:4,0
DA:5,0
DA:6,0
DA:7,0
DA:8,0
DA:20,0
LF:9
LH:0
BRF:0
BRH:0
end_of_record
TN:
SF:src/users/controllers/users.controller.ts
FN:21,(anonymous_4)
FN:28,(anonymous_5)
FN:37,(anonymous_6)
FN:45,(anonymous_7)
FN:54,(anonymous_8)
FN:66,(anonymous_9)
FNF:6
FNH:0
FNDA:0,(anonymous_4)
FNDA:0,(anonymous_5)
FNDA:0,(anonymous_6)
FNDA:0,(anonymous_7)
FNDA:0,(anonymous_8)
FNDA:0,(anonymous_9)
DA:1,0
DA:10,0
DA:11,0
DA:12,0
DA:13,0
DA:14,0
DA:20,0
DA:21,0
DA:28,0
DA:29,0
DA:37,0
DA:38,0
DA:45,0
DA:46,0
DA:54,0
DA:58,0
DA:66,0
DA:67,0
LF:18
LH:0
BRF:0
BRH:0
end_of_record
TN:
SF:src/users/entities/user-role.entity.ts
FN:55,(anonymous_2)
FN:30,(anonymous_3)
FN:30,(anonymous_4)
FN:34,(anonymous_5)
FN:34,(anonymous_6)
FN:38,(anonymous_7)
FNF:6
FNH:0
FNDA:0,(anonymous_2)
FNDA:0,(anonymous_3)
FNDA:0,(anonymous_4)
FNDA:0,(anonymous_5)
FNDA:0,(anonymous_6)
FNDA:0,(anonymous_7)
DA:1,1
DA:11,1
DA:12,1
DA:13,1
DA:17,1
DA:19,1
DA:22,1
DA:25,1
DA:28,1
DA:30,0
DA:32,1
DA:34,0
DA:36,1
DA:38,0
DA:40,1
DA:43,1
DA:46,1
DA:49,1
DA:52,1
DA:56,0
DA:57,0
DA:58,0
LF:22
LH:16
BRDA:56,0,0,0
BRDA:57,1,0,0
BRDA:57,2,0,0
BRDA:57,2,1,0
BRF:4
BRH:0
end_of_record
TN:
SF:src/users/entities/user.entity.ts
FN:55,(anonymous_2)
FN:38,(anonymous_3)
FN:38,(anonymous_4)
FN:42,(anonymous_5)
FN:42,(anonymous_6)
FN:45,(anonymous_7)
FN:45,(anonymous_8)
FNF:7
FNH:0
FNDA:0,(anonymous_2)
FNDA:0,(anonymous_3)
FNDA:0,(anonymous_4)
FNDA:0,(anonymous_5)
FNDA:0,(anonymous_6)
FNDA:0,(anonymous_7)
FNDA:0,(anonymous_8)
DA:1,1
DA:11,1
DA:12,1
DA:13,1
DA:16,1
DA:18,1
DA:21,1
DA:24,1
DA:27,1
DA:30,1
DA:33,1
DA:36,1
DA:38,0
DA:40,1
DA:42,0
DA:43,1
DA:45,0
DA:46,1
DA:49,1
DA:52,1
DA:56,0
LF:21
LH:17
BRF:0
BRH:0
end_of_record
TN:
SF:src/users/services/users.service.ts
FN:10,(anonymous_4)
FN:18,(anonymous_5)
FN:24,(anonymous_6)
FN:37,(anonymous_7)
FN:44,(anonymous_8)
FN:58,(anonymous_9)
FNF:6
FNH:0
FNDA:0,(anonymous_4)
FNDA:0,(anonymous_5)
FNDA:0,(anonymous_6)
FNDA:0,(anonymous_7)
FNDA:0,(anonymous_8)
FNDA:0,(anonymous_9)
DA:1,0
DA:2,0
DA:3,0
DA:4,0
DA:5,0
DA:6,0
DA:9,0
DA:12,0
DA:14,0
DA:15,0
DA:19,0
DA:25,0
DA:30,0
DA:31,0
DA:34,0
DA:38,0
DA:49,0
DA:55,0
DA:59,0
DA:63,0
DA:64,0
DA:67,0
DA:68,0
LF:23
LH:0
BRDA:30,0,0,0
BRDA:63,1,0,0
BRF:2
BRH:0
end_of_record
